2023-06-14 10:44:17,407 : INFO : Start logging
2023-06-14 10:44:17,407 : INFO : ROV waiting for connection
2023-06-14 10:44:22,769 : INFO : ROV Connected <socket.socket fd=1296, family=2, type=1, proto=0, laddr=('192.168.1.101', 3000), raddr=('192.168.1.100', 55544)>
2023-06-14 10:44:22,849 : INFO : Controller PS4 init
2023-06-14 10:44:22,850 : INFO : Main post init
2023-06-14 10:44:22,850 : INFO : Controller PS4 listen
2023-06-14 10:44:22,850 : INFO : Pult run
2023-06-14 10:44:22,851 : DEBUG : Data pult: {'j1_val_y': 0, 'j1_val_x': 0, 'j2_val_y': 0, 'j2_val_x': 0, 'man': 0, 'servo_ñam': 90, 'led': 0}
2023-06-14 10:44:22,861 : DEBUG : Send data : {'time': datetime.datetime(2023, 6, 14, 10, 44, 22, 850136), 'led': False, 'man': 0, 'servo_ñam': 90, 'm_0': 50, 'm_1': 50, 'm_2': 50, 'm_3': 50, 'm_4': 0, 'm_5': 0, 'm_6': 0, 'm_7': 0}
2023-06-14 10:44:22,884 : INFO : ROV disconnection <socket.socket fd=1296, family=2, type=1, proto=0, laddr=('192.168.1.101', 3000), raddr=('192.168.1.100', 55544)>
2023-06-14 10:44:22,985 : DEBUG : Data pult: {'j1_val_y': 0, 'j1_val_x': 0, 'j2_val_y': 0, 'j2_val_x': 0, 'man': 0, 'servo_ñam': 90, 'led': 0}
2023-06-14 10:44:23,085 : DEBUG : Data pult: {'j1_val_y': 0, 'j1_val_x': 0, 'j2_val_y': 0, 'j2_val_x': 0, 'man': 0, 'servo_ñam': 90, 'led': 0}
2023-06-14 10:44:23,186 : DEBUG : Data pult: {'j1_val_y': 0, 'j1_val_x': 0, 'j2_val_y': 0, 'j2_val_x': 0, 'man': 0, 'servo_ñam': 90, 'led': 0}
2023-06-14 10:44:23,287 : DEBUG : Data pult: {'j1_val_y': 0, 'j1_val_x': 0, 'j2_val_y': 0, 'j2_val_x': 0, 'man': 0, 'servo_ñam': 90, 'led': 0}
2023-06-14 10:44:23,387 : DEBUG : Data pult: {'j1_val_y': 0, 'j1_val_x': 0, 'j2_val_y': 0, 'j2_val_x': 0, 'man': 0, 'servo_ñam': 90, 'led': 0}
2023-06-14 10:44:23,488 : DEBUG : Data pult: {'j1_val_y': 0, 'j1_val_x': 0, 'j2_val_y': 0, 'j2_val_x': 0, 'man': 0, 'servo_ñam': 90, 'led': 0}
2023-06-14 10:44:23,589 : DEBUG : Data pult: {'j1_val_y': 0, 'j1_val_x': 0, 'j2_val_y': 0, 'j2_val_x': 0, 'man': 0, 'servo_ñam': 90, 'led': 0}
2023-06-14 10:44:23,690 : DEBUG : Data pult: {'j1_val_y': 0, 'j1_val_x': 0, 'j2_val_y': 0, 'j2_val_x': 0, 'man': 0, 'servo_ñam': 90, 'led': 0}
2023-06-14 10:44:23,791 : DEBUG : Data pult: {'j1_val_y': 0, 'j1_val_x': 0, 'j2_val_y': 0, 'j2_val_x': 0, 'man': 0, 'servo_ñam': 90, 'led': 0}
2023-06-14 10:44:23,892 : DEBUG : Data pult: {'j1_val_y': 0, 'j1_val_x': 0, 'j2_val_y': 0, 'j2_val_x': 0, 'man': 0, 'servo_ñam': 90, 'led': 0}
2023-06-14 10:44:23,993 : DEBUG : Data pult: {'j1_val_y': 0, 'j1_val_x': 0, 'j2_val_y': 0, 'j2_val_x': 0, 'man': 0, 'servo_ñam': 90, 'led': 0}
2023-06-14 10:44:24,095 : DEBUG : Data pult: {'j1_val_y': 0, 'j1_val_x': 0, 'j2_val_y': 0, 'j2_val_x': 0, 'man': 0, 'servo_ñam': 90, 'led': 0}
2023-06-14 10:44:24,196 : DEBUG : Data pult: {'j1_val_y': 0, 'j1_val_x': 0, 'j2_val_y': 0, 'j2_val_x': 0, 'man': 0, 'servo_ñam': 90, 'led': 0}
2023-06-14 10:44:24,297 : DEBUG : Data pult: {'j1_val_y': 0, 'j1_val_x': 0, 'j2_val_y': 0, 'j2_val_x': 0, 'man': 0, 'servo_ñam': 90, 'led': 0}
2023-06-14 10:44:24,398 : DEBUG : Data pult: {'j1_val_y': 0, 'j1_val_x': 0, 'j2_val_y': 0, 'j2_val_x': 0, 'man': 0, 'servo_ñam': 90, 'led': 0}
2023-06-14 10:44:24,498 : DEBUG : Data pult: {'j1_val_y': 0, 'j1_val_x': 0, 'j2_val_y': 0, 'j2_val_x': 0, 'man': 0, 'servo_ñam': 90, 'led': 0}
2023-06-14 10:44:24,600 : DEBUG : Data pult: {'j1_val_y': 0, 'j1_val_x': 0, 'j2_val_y': 0, 'j2_val_x': 0, 'man': 0, 'servo_ñam': 90, 'led': 0}
2023-06-14 10:44:24,701 : DEBUG : Data pult: {'j1_val_y': 0, 'j1_val_x': 0, 'j2_val_y': 0, 'j2_val_x': 0, 'man': 0, 'servo_ñam': 90, 'led': 0}
2023-06-14 10:44:24,801 : DEBUG : Data pult: {'j1_val_y': 0, 'j1_val_x': 0, 'j2_val_y': 0, 'j2_val_x': 0, 'man': 0, 'servo_ñam': 90, 'led': 0}
2023-06-14 10:44:24,902 : DEBUG : Data pult: {'j1_val_y': 0, 'j1_val_x': 0, 'j2_val_y': 0, 'j2_val_x': 0, 'man': 0, 'servo_ñam': 90, 'led': 0}
2023-06-14 10:44:25,003 : DEBUG : Data pult: {'j1_val_y': 0, 'j1_val_x': 0, 'j2_val_y': 0, 'j2_val_x': 0, 'man': 0, 'servo_ñam': 90, 'led': 0}
2023-06-14 10:44:25,104 : DEBUG : Data pult: {'j1_val_y': 0, 'j1_val_x': 0, 'j2_val_y': 0, 'j2_val_x': 0, 'man': 0, 'servo_ñam': 90, 'led': 0}
2023-06-14 10:44:25,206 : DEBUG : Data pult: {'j1_val_y': 0, 'j1_val_x': 0, 'j2_val_y': 0, 'j2_val_x': 0, 'man': 0, 'servo_ñam': 90, 'led': 0}
2023-06-14 10:44:25,307 : DEBUG : Data pult: {'j1_val_y': 0, 'j1_val_x': 0, 'j2_val_y': 0, 'j2_val_x': 0, 'man': 0, 'servo_ñam': 90, 'led': 0}
2023-06-14 10:44:25,408 : DEBUG : Data pult: {'j1_val_y': 0, 'j1_val_x': 0, 'j2_val_y': 0, 'j2_val_x': 0, 'man': 0, 'servo_ñam': 90, 'led': 0}
2023-06-14 10:44:25,509 : DEBUG : Data pult: {'j1_val_y': 0, 'j1_val_x': 0, 'j2_val_y': 0, 'j2_val_x': 0, 'man': 0, 'servo_ñam': 90, 'led': 0}
2023-06-14 10:44:25,609 : DEBUG : Data pult: {'j1_val_y': 0, 'j1_val_x': 0, 'j2_val_y': 0, 'j2_val_x': 0, 'man': 0, 'servo_ñam': 90, 'led': 0}
2023-06-14 10:44:25,711 : DEBUG : Data pult: {'j1_val_y': 0, 'j1_val_x': 0, 'j2_val_y': 0, 'j2_val_x': 0, 'man': 0, 'servo_ñam': 90, 'led': 0}
2023-06-14 10:44:25,812 : DEBUG : Data pult: {'j1_val_y': 0, 'j1_val_x': 0, 'j2_val_y': 0, 'j2_val_x': 0, 'man': 0, 'servo_ñam': 90, 'led': 0}
2023-06-14 10:44:25,913 : DEBUG : Data pult: {'j1_val_y': 0, 'j1_val_x': 0, 'j2_val_y': 0, 'j2_val_x': 0, 'man': 0, 'servo_ñam': 90, 'led': 0}
2023-06-14 10:44:26,013 : DEBUG : Data pult: {'j1_val_y': 0, 'j1_val_x': 0, 'j2_val_y': 0, 'j2_val_x': 0, 'man': 0, 'servo_ñam': 90, 'led': 0}
2023-06-14 10:44:26,114 : DEBUG : Data pult: {'j1_val_y': 0, 'j1_val_x': 0, 'j2_val_y': 0, 'j2_val_x': 0, 'man': 0, 'servo_ñam': 90, 'led': 0}
2023-06-14 10:44:26,215 : DEBUG : Data pult: {'j1_val_y': 0, 'j1_val_x': 0, 'j2_val_y': 0, 'j2_val_x': 0, 'man': 0, 'servo_ñam': 90, 'led': 0}
2023-06-14 10:44:26,315 : DEBUG : Data pult: {'j1_val_y': 0, 'j1_val_x': 0, 'j2_val_y': 0, 'j2_val_x': 0, 'man': 0, 'servo_ñam': 90, 'led': 0}
2023-06-14 10:44:26,416 : DEBUG : Data pult: {'j1_val_y': 0, 'j1_val_x': 0, 'j2_val_y': 0, 'j2_val_x': 0, 'man': 0, 'servo_ñam': 90, 'led': 0}
2023-06-14 10:44:26,518 : DEBUG : Data pult: {'j1_val_y': 0, 'j1_val_x': 0, 'j2_val_y': 0, 'j2_val_x': 0, 'man': 0, 'servo_ñam': 90, 'led': 0}
2023-06-14 10:44:26,619 : DEBUG : Data pult: {'j1_val_y': 0, 'j1_val_x': 0, 'j2_val_y': 0, 'j2_val_x': 0, 'man': 0, 'servo_ñam': 90, 'led': 0}
2023-06-14 10:44:26,720 : DEBUG : Data pult: {'j1_val_y': 0, 'j1_val_x': 0, 'j2_val_y': 0, 'j2_val_x': 0, 'man': 0, 'servo_ñam': 90, 'led': 0}
2023-06-14 10:44:26,821 : DEBUG : Data pult: {'j1_val_y': 0, 'j1_val_x': 0, 'j2_val_y': 0, 'j2_val_x': 0, 'man': 0, 'servo_ñam': 90, 'led': 0}
2023-06-14 10:44:26,922 : DEBUG : Data pult: {'j1_val_y': 0, 'j1_val_x': 0, 'j2_val_y': 0, 'j2_val_x': 0, 'man': 0, 'servo_ñam': 90, 'led': 0}
2023-06-14 10:44:27,023 : DEBUG : Data pult: {'j1_val_y': 0, 'j1_val_x': 0, 'j2_val_y': 0, 'j2_val_x': 0, 'man': 0, 'servo_ñam': 90, 'led': 0}
2023-06-14 10:44:27,125 : DEBUG : Data pult: {'j1_val_y': 0, 'j1_val_x': 0, 'j2_val_y': 0, 'j2_val_x': 0, 'man': 0, 'servo_ñam': 90, 'led': 0}
2023-06-14 10:44:27,226 : DEBUG : Data pult: {'j1_val_y': 0, 'j1_val_x': 0, 'j2_val_y': 0, 'j2_val_x': 0, 'man': 0, 'servo_ñam': 90, 'led': 0}
2023-06-14 10:44:27,326 : DEBUG : Data pult: {'j1_val_y': 0, 'j1_val_x': 0, 'j2_val_y': 0, 'j2_val_x': 0, 'man': 0, 'servo_ñam': 90, 'led': 0}
2023-06-14 10:44:27,427 : DEBUG : Data pult: {'j1_val_y': 0, 'j1_val_x': 0, 'j2_val_y': 0, 'j2_val_x': 0, 'man': 0, 'servo_ñam': 90, 'led': 0}
2023-06-14 10:44:27,527 : DEBUG : Data pult: {'j1_val_y': 0, 'j1_val_x': 0, 'j2_val_y': 0, 'j2_val_x': 0, 'man': 0, 'servo_ñam': 90, 'led': 0}
2023-06-14 10:44:27,628 : DEBUG : Data pult: {'j1_val_y': 0, 'j1_val_x': 0, 'j2_val_y': 0, 'j2_val_x': 0, 'man': 0, 'servo_ñam': 90, 'led': 0}
2023-06-14 10:44:27,730 : DEBUG : Data pult: {'j1_val_y': 0, 'j1_val_x': 0, 'j2_val_y': 0, 'j2_val_x': 0, 'man': 0, 'servo_ñam': 90, 'led': 0}
2023-06-14 10:44:27,830 : DEBUG : Data pult: {'j1_val_y': 0, 'j1_val_x': 0, 'j2_val_y': 0, 'j2_val_x': 0, 'man': 0, 'servo_ñam': 90, 'led': 0}
2023-06-14 10:44:27,931 : DEBUG : Data pult: {'j1_val_y': 0, 'j1_val_x': 0, 'j2_val_y': 0, 'j2_val_x': 0, 'man': 0, 'servo_ñam': 90, 'led': 0}
2023-06-14 10:44:28,032 : DEBUG : Data pult: {'j1_val_y': 0, 'j1_val_x': 0, 'j2_val_y': 0, 'j2_val_x': 0, 'man': 0, 'servo_ñam': 90, 'led': 0}
2023-06-14 10:44:28,133 : DEBUG : Data pult: {'j1_val_y': 0, 'j1_val_x': 0, 'j2_val_y': 0, 'j2_val_x': 0, 'man': 0, 'servo_ñam': 90, 'led': 0}
2023-06-14 10:44:28,234 : DEBUG : Data pult: {'j1_val_y': 0, 'j1_val_x': 0, 'j2_val_y': 0, 'j2_val_x': 0, 'man': 0, 'servo_ñam': 90, 'led': 0}
2023-06-14 10:44:28,335 : DEBUG : Data pult: {'j1_val_y': 0, 'j1_val_x': 0, 'j2_val_y': 0, 'j2_val_x': 0, 'man': 0, 'servo_ñam': 90, 'led': 0}
2023-06-14 10:44:28,436 : DEBUG : Data pult: {'j1_val_y': 0, 'j1_val_x': 0, 'j2_val_y': 0, 'j2_val_x': 0, 'man': 0, 'servo_ñam': 90, 'led': 0}
2023-06-14 10:44:28,537 : DEBUG : Data pult: {'j1_val_y': 0, 'j1_val_x': 0, 'j2_val_y': 0, 'j2_val_x': 0, 'man': 0, 'servo_ñam': 90, 'led': 0}
2023-06-14 10:44:28,639 : DEBUG : Data pult: {'j1_val_y': 0, 'j1_val_x': 0, 'j2_val_y': 0, 'j2_val_x': 0, 'man': 0, 'servo_ñam': 90, 'led': 0}
2023-06-14 10:44:28,740 : DEBUG : Data pult: {'j1_val_y': 0, 'j1_val_x': 0, 'j2_val_y': 0, 'j2_val_x': 0, 'man': 0, 'servo_ñam': 90, 'led': 0}
2023-06-14 10:44:28,841 : DEBUG : Data pult: {'j1_val_y': 0, 'j1_val_x': 0, 'j2_val_y': 0, 'j2_val_x': 0, 'man': 0, 'servo_ñam': 90, 'led': 0}
2023-06-14 10:44:28,942 : DEBUG : Data pult: {'j1_val_y': 0, 'j1_val_x': 0, 'j2_val_y': 0, 'j2_val_x': 0, 'man': 0, 'servo_ñam': 90, 'led': 0}
2023-06-14 10:44:29,043 : DEBUG : Data pult: {'j1_val_y': 0, 'j1_val_x': 0, 'j2_val_y': 0, 'j2_val_x': 0, 'man': 0, 'servo_ñam': 90, 'led': 0}
2023-06-14 10:44:29,144 : DEBUG : Data pult: {'j1_val_y': 0, 'j1_val_x': 0, 'j2_val_y': 0, 'j2_val_x': 0, 'man': 0, 'servo_ñam': 90, 'led': 0}
2023-06-14 10:44:29,245 : DEBUG : Data pult: {'j1_val_y': 0, 'j1_val_x': 0, 'j2_val_y': 0, 'j2_val_x': 0, 'man': 0, 'servo_ñam': 90, 'led': 0}
2023-06-14 10:44:29,346 : DEBUG : Data pult: {'j1_val_y': 0, 'j1_val_x': 0, 'j2_val_y': 0, 'j2_val_x': 0, 'man': 0, 'servo_ñam': 90, 'led': 0}
2023-06-14 10:44:29,448 : DEBUG : Data pult: {'j1_val_y': 0, 'j1_val_x': 0, 'j2_val_y': 0, 'j2_val_x': 0, 'man': 0, 'servo_ñam': 90, 'led': 0}
2023-06-14 10:44:29,549 : DEBUG : Data pult: {'j1_val_y': 0, 'j1_val_x': 0, 'j2_val_y': 0, 'j2_val_x': 0, 'man': 0, 'servo_ñam': 90, 'led': 0}
2023-06-14 10:44:29,650 : DEBUG : Data pult: {'j1_val_y': 0, 'j1_val_x': 0, 'j2_val_y': 0, 'j2_val_x': 0, 'man': 0, 'servo_ñam': 90, 'led': 0}
2023-06-14 10:44:29,751 : DEBUG : Data pult: {'j1_val_y': 0, 'j1_val_x': 0, 'j2_val_y': 0, 'j2_val_x': 0, 'man': 0, 'servo_ñam': 90, 'led': 0}
2023-06-14 10:44:29,852 : DEBUG : Data pult: {'j1_val_y': 0, 'j1_val_x': 0, 'j2_val_y': 0, 'j2_val_x': 0, 'man': 0, 'servo_ñam': 90, 'led': 0}
2023-06-14 10:44:29,953 : DEBUG : Data pult: {'j1_val_y': 0, 'j1_val_x': 0, 'j2_val_y': 0, 'j2_val_x': 0, 'man': 0, 'servo_ñam': 90, 'led': 0}
2023-06-14 10:44:30,054 : DEBUG : Data pult: {'j1_val_y': 0, 'j1_val_x': 0, 'j2_val_y': 0, 'j2_val_x': 0, 'man': 0, 'servo_ñam': 90, 'led': 0}
2023-06-14 10:44:30,155 : DEBUG : Data pult: {'j1_val_y': 0, 'j1_val_x': 0, 'j2_val_y': 0, 'j2_val_x': 0, 'man': 0, 'servo_ñam': 90, 'led': 0}
2023-06-14 10:44:30,255 : DEBUG : Data pult: {'j1_val_y': 0, 'j1_val_x': 0, 'j2_val_y': 0, 'j2_val_x': 0, 'man': 0, 'servo_ñam': 90, 'led': 0}
2023-06-14 10:44:30,356 : DEBUG : Data pult: {'j1_val_y': 0, 'j1_val_x': 0, 'j2_val_y': 0, 'j2_val_x': 0, 'man': 0, 'servo_ñam': 90, 'led': 0}
2023-06-14 10:44:30,457 : DEBUG : Data pult: {'j1_val_y': 0, 'j1_val_x': 0, 'j2_val_y': 0, 'j2_val_x': 0, 'man': 0, 'servo_ñam': 90, 'led': 0}
2023-06-14 10:44:30,558 : DEBUG : Data pult: {'j1_val_y': 0, 'j1_val_x': 0, 'j2_val_y': 0, 'j2_val_x': 0, 'man': 0, 'servo_ñam': 90, 'led': 0}
2023-06-14 10:44:30,659 : DEBUG : Data pult: {'j1_val_y': 0, 'j1_val_x': 0, 'j2_val_y': 0, 'j2_val_x': 0, 'man': 0, 'servo_ñam': 90, 'led': 0}
2023-06-14 10:44:30,760 : DEBUG : Data pult: {'j1_val_y': 0, 'j1_val_x': 0, 'j2_val_y': 0, 'j2_val_x': 0, 'man': 0, 'servo_ñam': 90, 'led': 0}
2023-06-14 10:44:30,861 : DEBUG : Data pult: {'j1_val_y': 0, 'j1_val_x': 0, 'j2_val_y': 0, 'j2_val_x': 0, 'man': 0, 'servo_ñam': 90, 'led': 0}
2023-06-14 10:44:30,962 : DEBUG : Data pult: {'j1_val_y': 0, 'j1_val_x': 0, 'j2_val_y': 0, 'j2_val_x': 0, 'man': 0, 'servo_ñam': 90, 'led': 0}
2023-06-14 10:44:31,063 : DEBUG : Data pult: {'j1_val_y': 0, 'j1_val_x': 0, 'j2_val_y': 0, 'j2_val_x': 0, 'man': 0, 'servo_ñam': 90, 'led': 0}
2023-06-14 10:44:31,164 : DEBUG : Data pult: {'j1_val_y': 0, 'j1_val_x': 0, 'j2_val_y': 0, 'j2_val_x': 0, 'man': 0, 'servo_ñam': 90, 'led': 0}
2023-06-14 10:44:31,265 : DEBUG : Data pult: {'j1_val_y': 0, 'j1_val_x': 0, 'j2_val_y': 0, 'j2_val_x': 0, 'man': 0, 'servo_ñam': 90, 'led': 0}
2023-06-14 10:44:31,366 : DEBUG : Data pult: {'j1_val_y': 0, 'j1_val_x': 0, 'j2_val_y': 0, 'j2_val_x': 0, 'man': 0, 'servo_ñam': 90, 'led': 0}
2023-06-14 10:44:31,467 : DEBUG : Data pult: {'j1_val_y': 0, 'j1_val_x': 0, 'j2_val_y': 0, 'j2_val_x': 0, 'man': 0, 'servo_ñam': 90, 'led': 0}
2023-06-14 10:44:31,568 : DEBUG : Data pult: {'j1_val_y': 0, 'j1_val_x': 0, 'j2_val_y': 0, 'j2_val_x': 0, 'man': 0, 'servo_ñam': 90, 'led': 0}
2023-06-14 10:44:31,669 : DEBUG : Data pult: {'j1_val_y': 0, 'j1_val_x': 0, 'j2_val_y': 0, 'j2_val_x': 0, 'man': 0, 'servo_ñam': 90, 'led': 0}
2023-06-14 10:44:31,770 : DEBUG : Data pult: {'j1_val_y': 0, 'j1_val_x': 0, 'j2_val_y': 0, 'j2_val_x': 0, 'man': 0, 'servo_ñam': 90, 'led': 0}
2023-06-14 10:44:31,871 : DEBUG : Data pult: {'j1_val_y': 0, 'j1_val_x': 0, 'j2_val_y': 0, 'j2_val_x': 0, 'man': 0, 'servo_ñam': 90, 'led': 0}
2023-06-14 10:44:31,973 : DEBUG : Data pult: {'j1_val_y': 0, 'j1_val_x': 0, 'j2_val_y': 0, 'j2_val_x': 0, 'man': 0, 'servo_ñam': 90, 'led': 0}
2023-06-14 10:44:32,074 : DEBUG : Data pult: {'j1_val_y': 0, 'j1_val_x': 0, 'j2_val_y': 0, 'j2_val_x': 0, 'man': 0, 'servo_ñam': 90, 'led': 0}
2023-06-14 10:44:32,176 : DEBUG : Data pult: {'j1_val_y': 0, 'j1_val_x': 0, 'j2_val_y': 0, 'j2_val_x': 0, 'man': 0, 'servo_ñam': 90, 'led': 0}
2023-06-14 10:44:32,277 : DEBUG : Data pult: {'j1_val_y': 0, 'j1_val_x': 0, 'j2_val_y': 0, 'j2_val_x': 0, 'man': 0, 'servo_ñam': 90, 'led': 0}
2023-06-14 10:44:32,378 : DEBUG : Data pult: {'j1_val_y': 0, 'j1_val_x': 0, 'j2_val_y': 0, 'j2_val_x': 0, 'man': 0, 'servo_ñam': 90, 'led': 0}
2023-06-14 10:44:32,480 : DEBUG : Data pult: {'j1_val_y': 0, 'j1_val_x': 0, 'j2_val_y': 0, 'j2_val_x': 0, 'man': 0, 'servo_ñam': 90, 'led': 0}
2023-06-14 10:44:32,581 : DEBUG : Data pult: {'j1_val_y': 0, 'j1_val_x': 0, 'j2_val_y': 0, 'j2_val_x': 0, 'man': 0, 'servo_ñam': 90, 'led': 0}
2023-06-14 10:44:32,681 : DEBUG : Data pult: {'j1_val_y': 0, 'j1_val_x': 0, 'j2_val_y': 0, 'j2_val_x': 0, 'man': 0, 'servo_ñam': 90, 'led': 0}
2023-06-14 10:44:32,782 : DEBUG : Data pult: {'j1_val_y': 0, 'j1_val_x': 0, 'j2_val_y': 0, 'j2_val_x': 0, 'man': 0, 'servo_ñam': 90, 'led': 0}
2023-06-14 10:44:32,884 : DEBUG : Data pult: {'j1_val_y': 0, 'j1_val_x': 0, 'j2_val_y': 0, 'j2_val_x': 0, 'man': 0, 'servo_ñam': 90, 'led': 0}
2023-06-14 10:44:32,984 : DEBUG : Data pult: {'j1_val_y': 0, 'j1_val_x': 0, 'j2_val_y': 0, 'j2_val_x': 0, 'man': 0, 'servo_ñam': 90, 'led': 0}
2023-06-14 10:44:33,085 : DEBUG : Data pult: {'j1_val_y': 0, 'j1_val_x': 0, 'j2_val_y': 0, 'j2_val_x': 0, 'man': 0, 'servo_ñam': 90, 'led': 0}
2023-06-14 10:44:33,187 : DEBUG : Data pult: {'j1_val_y': 0, 'j1_val_x': 0, 'j2_val_y': 0, 'j2_val_x': 0, 'man': 0, 'servo_ñam': 90, 'led': 0}
2023-06-14 10:44:33,287 : DEBUG : Data pult: {'j1_val_y': 0, 'j1_val_x': 0, 'j2_val_y': 0, 'j2_val_x': 0, 'man': 0, 'servo_ñam': 90, 'led': 0}
2023-06-14 10:44:33,388 : DEBUG : Data pult: {'j1_val_y': 0, 'j1_val_x': 0, 'j2_val_y': 0, 'j2_val_x': 0, 'man': 0, 'servo_ñam': 90, 'led': 0}
2023-06-14 10:44:33,489 : DEBUG : Data pult: {'j1_val_y': 0, 'j1_val_x': 0, 'j2_val_y': 0, 'j2_val_x': 0, 'man': 0, 'servo_ñam': 90, 'led': 0}
2023-06-14 10:44:33,591 : DEBUG : Data pult: {'j1_val_y': 0, 'j1_val_x': 0, 'j2_val_y': 0, 'j2_val_x': 0, 'man': 0, 'servo_ñam': 90, 'led': 0}
2023-06-14 10:44:33,692 : DEBUG : Data pult: {'j1_val_y': 0, 'j1_val_x': 0, 'j2_val_y': 0, 'j2_val_x': 0, 'man': 0, 'servo_ñam': 90, 'led': 0}
2023-06-14 10:44:33,793 : DEBUG : Data pult: {'j1_val_y': 0, 'j1_val_x': 0, 'j2_val_y': 0, 'j2_val_x': 0, 'man': 0, 'servo_ñam': 90, 'led': 0}
2023-06-14 10:44:33,894 : DEBUG : Data pult: {'j1_val_y': 0, 'j1_val_x': 0, 'j2_val_y': 0, 'j2_val_x': 0, 'man': 0, 'servo_ñam': 90, 'led': 0}
2023-06-14 10:44:33,994 : DEBUG : Data pult: {'j1_val_y': 0, 'j1_val_x': 0, 'j2_val_y': 0, 'j2_val_x': 0, 'man': 0, 'servo_ñam': 90, 'led': 0}
2023-06-14 10:44:34,095 : DEBUG : Data pult: {'j1_val_y': 0, 'j1_val_x': 0, 'j2_val_y': 0, 'j2_val_x': 0, 'man': 0, 'servo_ñam': 90, 'led': 0}
2023-06-14 10:44:34,196 : DEBUG : Data pult: {'j1_val_y': 0, 'j1_val_x': 0, 'j2_val_y': 0, 'j2_val_x': 0, 'man': 0, 'servo_ñam': 90, 'led': 0}
2023-06-14 10:44:34,297 : DEBUG : Data pult: {'j1_val_y': 0, 'j1_val_x': 0, 'j2_val_y': 0, 'j2_val_x': 0, 'man': 0, 'servo_ñam': 90, 'led': 0}
2023-06-14 10:44:34,397 : DEBUG : Data pult: {'j1_val_y': 0, 'j1_val_x': 0, 'j2_val_y': 0, 'j2_val_x': 0, 'man': 0, 'servo_ñam': 90, 'led': 0}
2023-06-14 10:44:34,499 : DEBUG : Data pult: {'j1_val_y': 0, 'j1_val_x': 0, 'j2_val_y': 0, 'j2_val_x': 0, 'man': 0, 'servo_ñam': 90, 'led': 0}
2023-06-14 10:44:34,599 : DEBUG : Data pult: {'j1_val_y': 0, 'j1_val_x': 0, 'j2_val_y': 0, 'j2_val_x': 0, 'man': 0, 'servo_ñam': 90, 'led': 0}
2023-06-14 10:44:34,701 : DEBUG : Data pult: {'j1_val_y': 0, 'j1_val_x': 0, 'j2_val_y': 0, 'j2_val_x': 0, 'man': 0, 'servo_ñam': 90, 'led': 0}
2023-06-14 10:44:34,802 : DEBUG : Data pult: {'j1_val_y': 0, 'j1_val_x': 0, 'j2_val_y': 0, 'j2_val_x': 0, 'man': 0, 'servo_ñam': 90, 'led': 0}
2023-06-14 10:44:34,903 : DEBUG : Data pult: {'j1_val_y': 0, 'j1_val_x': 0, 'j2_val_y': 0, 'j2_val_x': 0, 'man': 0, 'servo_ñam': 90, 'led': 0}
2023-06-14 10:44:35,004 : DEBUG : Data pult: {'j1_val_y': 0, 'j1_val_x': 0, 'j2_val_y': 0, 'j2_val_x': 0, 'man': 0, 'servo_ñam': 90, 'led': 0}
2023-06-14 10:44:35,105 : DEBUG : Data pult: {'j1_val_y': 0, 'j1_val_x': 0, 'j2_val_y': 0, 'j2_val_x': 0, 'man': 0, 'servo_ñam': 90, 'led': 0}
2023-06-14 10:44:35,206 : DEBUG : Data pult: {'j1_val_y': 0, 'j1_val_x': 0, 'j2_val_y': 0, 'j2_val_x': 0, 'man': 0, 'servo_ñam': 90, 'led': 0}
2023-06-14 10:44:35,307 : DEBUG : Data pult: {'j1_val_y': 0, 'j1_val_x': 0, 'j2_val_y': 0, 'j2_val_x': 0, 'man': 0, 'servo_ñam': 90, 'led': 0}
2023-06-14 10:44:35,409 : DEBUG : Data pult: {'j1_val_y': 0, 'j1_val_x': 0, 'j2_val_y': 0, 'j2_val_x': 0, 'man': 0, 'servo_ñam': 90, 'led': 0}
2023-06-14 10:44:35,509 : DEBUG : Data pult: {'j1_val_y': 0, 'j1_val_x': 0, 'j2_val_y': 0, 'j2_val_x': 0, 'man': 0, 'servo_ñam': 90, 'led': 0}
2023-06-14 10:44:35,611 : DEBUG : Data pult: {'j1_val_y': 0, 'j1_val_x': 0, 'j2_val_y': 0, 'j2_val_x': 0, 'man': 0, 'servo_ñam': 90, 'led': 0}
2023-06-14 10:44:35,712 : DEBUG : Data pult: {'j1_val_y': 0, 'j1_val_x': 0, 'j2_val_y': 0, 'j2_val_x': 0, 'man': 0, 'servo_ñam': 90, 'led': 0}
2023-06-14 10:44:35,813 : DEBUG : Data pult: {'j1_val_y': 0, 'j1_val_x': 0, 'j2_val_y': 0, 'j2_val_x': 0, 'man': 0, 'servo_ñam': 90, 'led': 0}
2023-06-14 10:44:35,914 : DEBUG : Data pult: {'j1_val_y': 0, 'j1_val_x': 0, 'j2_val_y': 0, 'j2_val_x': 0, 'man': 0, 'servo_ñam': 90, 'led': 0}
2023-06-14 10:44:36,014 : DEBUG : Data pult: {'j1_val_y': 0, 'j1_val_x': 0, 'j2_val_y': 0, 'j2_val_x': 0, 'man': 0, 'servo_ñam': 90, 'led': 0}
2023-06-14 10:44:36,115 : DEBUG : Data pult: {'j1_val_y': 0, 'j1_val_x': 0, 'j2_val_y': 0, 'j2_val_x': 0, 'man': 0, 'servo_ñam': 90, 'led': 0}
2023-06-14 10:44:36,216 : DEBUG : Data pult: {'j1_val_y': 0, 'j1_val_x': 0, 'j2_val_y': 0, 'j2_val_x': 0, 'man': 0, 'servo_ñam': 90, 'led': 0}
2023-06-14 10:44:36,316 : DEBUG : Data pult: {'j1_val_y': 0, 'j1_val_x': 0, 'j2_val_y': 0, 'j2_val_x': 0, 'man': 0, 'servo_ñam': 90, 'led': 0}
2023-06-14 10:44:36,417 : DEBUG : Data pult: {'j1_val_y': 0, 'j1_val_x': 0, 'j2_val_y': 0, 'j2_val_x': 0, 'man': 0, 'servo_ñam': 90, 'led': 0}
2023-06-14 10:44:36,518 : DEBUG : Data pult: {'j1_val_y': 0, 'j1_val_x': 0, 'j2_val_y': 0, 'j2_val_x': 0, 'man': 0, 'servo_ñam': 90, 'led': 0}
2023-06-14 10:44:36,619 : DEBUG : Data pult: {'j1_val_y': 0, 'j1_val_x': 0, 'j2_val_y': 0, 'j2_val_x': 0, 'man': 0, 'servo_ñam': 90, 'led': 0}
2023-06-14 10:44:36,719 : DEBUG : Data pult: {'j1_val_y': 0, 'j1_val_x': 0, 'j2_val_y': 0, 'j2_val_x': 0, 'man': 0, 'servo_ñam': 90, 'led': 0}
2023-06-14 10:44:36,821 : DEBUG : Data pult: {'j1_val_y': 0, 'j1_val_x': 0, 'j2_val_y': 0, 'j2_val_x': 0, 'man': 0, 'servo_ñam': 90, 'led': 0}
2023-06-14 10:44:36,921 : DEBUG : Data pult: {'j1_val_y': 0, 'j1_val_x': 0, 'j2_val_y': 0, 'j2_val_x': 0, 'man': 0, 'servo_ñam': 90, 'led': 0}
2023-06-14 10:44:37,022 : DEBUG : Data pult: {'j1_val_y': 0, 'j1_val_x': 0, 'j2_val_y': 0, 'j2_val_x': 0, 'man': 0, 'servo_ñam': 90, 'led': 0}
2023-06-14 10:44:37,123 : DEBUG : Data pult: {'j1_val_y': 0, 'j1_val_x': 0, 'j2_val_y': 0, 'j2_val_x': 0, 'man': 0, 'servo_ñam': 90, 'led': 0}
2023-06-14 10:44:37,224 : DEBUG : Data pult: {'j1_val_y': 0, 'j1_val_x': 0, 'j2_val_y': 0, 'j2_val_x': 0, 'man': 0, 'servo_ñam': 90, 'led': 0}
2023-06-14 10:44:37,324 : DEBUG : Data pult: {'j1_val_y': 0, 'j1_val_x': 0, 'j2_val_y': 0, 'j2_val_x': 0, 'man': 0, 'servo_ñam': 90, 'led': 0}
2023-06-14 10:44:37,425 : DEBUG : Data pult: {'j1_val_y': 0, 'j1_val_x': 0, 'j2_val_y': 0, 'j2_val_x': 0, 'man': 0, 'servo_ñam': 90, 'led': 0}
2023-06-14 10:44:37,527 : DEBUG : Data pult: {'j1_val_y': 0, 'j1_val_x': 0, 'j2_val_y': 0, 'j2_val_x': 0, 'man': 0, 'servo_ñam': 90, 'led': 0}
2023-06-14 10:44:37,627 : DEBUG : Data pult: {'j1_val_y': 0, 'j1_val_x': 0, 'j2_val_y': 0, 'j2_val_x': 0, 'man': 0, 'servo_ñam': 90, 'led': 0}
2023-06-14 10:44:37,729 : DEBUG : Data pult: {'j1_val_y': 0, 'j1_val_x': 0, 'j2_val_y': 0, 'j2_val_x': 0, 'man': 0, 'servo_ñam': 90, 'led': 0}
2023-06-14 10:44:37,829 : DEBUG : Data pult: {'j1_val_y': 0, 'j1_val_x': 0, 'j2_val_y': 0, 'j2_val_x': 0, 'man': 0, 'servo_ñam': 90, 'led': 0}
2023-06-14 10:44:37,931 : DEBUG : Data pult: {'j1_val_y': 0, 'j1_val_x': 0, 'j2_val_y': 0, 'j2_val_x': 0, 'man': 0, 'servo_ñam': 90, 'led': 0}
2023-06-14 10:44:38,032 : DEBUG : Data pult: {'j1_val_y': 0, 'j1_val_x': 0, 'j2_val_y': 0, 'j2_val_x': 0, 'man': 0, 'servo_ñam': 90, 'led': 0}
2023-06-14 10:44:38,133 : DEBUG : Data pult: {'j1_val_y': 0, 'j1_val_x': 0, 'j2_val_y': 0, 'j2_val_x': 0, 'man': 0, 'servo_ñam': 90, 'led': 0}
2023-06-14 10:44:38,234 : DEBUG : Data pult: {'j1_val_y': 0, 'j1_val_x': 0, 'j2_val_y': 0, 'j2_val_x': 0, 'man': 0, 'servo_ñam': 90, 'led': 0}
2023-06-14 10:44:38,334 : DEBUG : Data pult: {'j1_val_y': 0, 'j1_val_x': 0, 'j2_val_y': 0, 'j2_val_x': 0, 'man': 0, 'servo_ñam': 90, 'led': 0}
2023-06-14 10:44:38,436 : DEBUG : Data pult: {'j1_val_y': 0, 'j1_val_x': 0, 'j2_val_y': 0, 'j2_val_x': 0, 'man': 0, 'servo_ñam': 90, 'led': 0}
2023-06-14 10:44:38,537 : DEBUG : Data pult: {'j1_val_y': 0, 'j1_val_x': 0, 'j2_val_y': 0, 'j2_val_x': 0, 'man': 0, 'servo_ñam': 90, 'led': 0}
2023-06-14 10:44:38,638 : DEBUG : Data pult: {'j1_val_y': 0, 'j1_val_x': 0, 'j2_val_y': 0, 'j2_val_x': 0, 'man': 0, 'servo_ñam': 90, 'led': 0}
2023-06-14 10:44:38,740 : DEBUG : Data pult: {'j1_val_y': 0, 'j1_val_x': 0, 'j2_val_y': 0, 'j2_val_x': 0, 'man': 0, 'servo_ñam': 90, 'led': 0}
2023-06-14 10:44:38,841 : DEBUG : Data pult: {'j1_val_y': 0, 'j1_val_x': 0, 'j2_val_y': 0, 'j2_val_x': 0, 'man': 0, 'servo_ñam': 90, 'led': 0}
2023-06-14 10:44:38,942 : DEBUG : Data pult: {'j1_val_y': 0, 'j1_val_x': 0, 'j2_val_y': 0, 'j2_val_x': 0, 'man': 0, 'servo_ñam': 90, 'led': 0}
2023-06-14 10:44:39,042 : DEBUG : Data pult: {'j1_val_y': 0, 'j1_val_x': 0, 'j2_val_y': 0, 'j2_val_x': 0, 'man': 0, 'servo_ñam': 90, 'led': 0}
2023-06-14 10:44:39,143 : DEBUG : Data pult: {'j1_val_y': 0, 'j1_val_x': 0, 'j2_val_y': 0, 'j2_val_x': 0, 'man': 0, 'servo_ñam': 90, 'led': 0}
2023-06-14 10:44:39,245 : DEBUG : Data pult: {'j1_val_y': 0, 'j1_val_x': 0, 'j2_val_y': 0, 'j2_val_x': 0, 'man': 0, 'servo_ñam': 90, 'led': 0}
2023-06-14 10:44:39,346 : DEBUG : Data pult: {'j1_val_y': 0, 'j1_val_x': 0, 'j2_val_y': 0, 'j2_val_x': 0, 'man': 0, 'servo_ñam': 90, 'led': 0}
2023-06-14 10:44:39,447 : DEBUG : Data pult: {'j1_val_y': 0, 'j1_val_x': 0, 'j2_val_y': 0, 'j2_val_x': 0, 'man': 0, 'servo_ñam': 90, 'led': 0}
2023-06-14 10:44:39,548 : DEBUG : Data pult: {'j1_val_y': 0, 'j1_val_x': 0, 'j2_val_y': 0, 'j2_val_x': 0, 'man': 0, 'servo_ñam': 90, 'led': 0}
2023-06-14 10:44:39,649 : DEBUG : Data pult: {'j1_val_y': 0, 'j1_val_x': 0, 'j2_val_y': 0, 'j2_val_x': 0, 'man': 0, 'servo_ñam': 90, 'led': 0}
2023-06-14 10:44:39,750 : DEBUG : Data pult: {'j1_val_y': 0, 'j1_val_x': 0, 'j2_val_y': 0, 'j2_val_x': 0, 'man': 0, 'servo_ñam': 90, 'led': 0}
2023-06-14 10:44:39,851 : DEBUG : Data pult: {'j1_val_y': 0, 'j1_val_x': 0, 'j2_val_y': 0, 'j2_val_x': 0, 'man': 0, 'servo_ñam': 90, 'led': 0}
2023-06-14 10:44:39,952 : DEBUG : Data pult: {'j1_val_y': 0, 'j1_val_x': 0, 'j2_val_y': 0, 'j2_val_x': 0, 'man': 0, 'servo_ñam': 90, 'led': 0}
2023-06-14 10:44:40,054 : DEBUG : Data pult: {'j1_val_y': 0, 'j1_val_x': 0, 'j2_val_y': 0, 'j2_val_x': 0, 'man': 0, 'servo_ñam': 90, 'led': 0}
2023-06-14 10:44:40,155 : DEBUG : Data pult: {'j1_val_y': 0, 'j1_val_x': 0, 'j2_val_y': 0, 'j2_val_x': 0, 'man': 0, 'servo_ñam': 90, 'led': 0}
2023-06-14 10:44:40,256 : DEBUG : Data pult: {'j1_val_y': 0, 'j1_val_x': 0, 'j2_val_y': 0, 'j2_val_x': 0, 'man': 0, 'servo_ñam': 90, 'led': 0}
2023-06-14 10:44:40,357 : DEBUG : Data pult: {'j1_val_y': 0, 'j1_val_x': 0, 'j2_val_y': 0, 'j2_val_x': 0, 'man': 0, 'servo_ñam': 90, 'led': 0}
2023-06-14 10:44:40,458 : DEBUG : Data pult: {'j1_val_y': 0, 'j1_val_x': 0, 'j2_val_y': 0, 'j2_val_x': 0, 'man': 0, 'servo_ñam': 90, 'led': 0}
2023-06-14 10:44:40,559 : DEBUG : Data pult: {'j1_val_y': 0, 'j1_val_x': 0, 'j2_val_y': 0, 'j2_val_x': 0, 'man': 0, 'servo_ñam': 90, 'led': 0}
2023-06-14 10:44:40,659 : DEBUG : Data pult: {'j1_val_y': 0, 'j1_val_x': 0, 'j2_val_y': 0, 'j2_val_x': 0, 'man': 0, 'servo_ñam': 90, 'led': 0}
2023-06-14 10:44:40,761 : DEBUG : Data pult: {'j1_val_y': 0, 'j1_val_x': 0, 'j2_val_y': 0, 'j2_val_x': 0, 'man': 0, 'servo_ñam': 90, 'led': 0}
2023-06-14 10:44:40,862 : DEBUG : Data pult: {'j1_val_y': 0, 'j1_val_x': 0, 'j2_val_y': 0, 'j2_val_x': 0, 'man': 0, 'servo_ñam': 90, 'led': 0}
2023-06-14 10:44:40,963 : DEBUG : Data pult: {'j1_val_y': 0, 'j1_val_x': 0, 'j2_val_y': 0, 'j2_val_x': 0, 'man': 0, 'servo_ñam': 90, 'led': 0}
2023-06-14 10:44:41,063 : DEBUG : Data pult: {'j1_val_y': 0, 'j1_val_x': 0, 'j2_val_y': 0, 'j2_val_x': 0, 'man': 0, 'servo_ñam': 90, 'led': 0}
2023-06-14 10:44:41,164 : DEBUG : Data pult: {'j1_val_y': 0, 'j1_val_x': 0, 'j2_val_y': 0, 'j2_val_x': 0, 'man': 0, 'servo_ñam': 90, 'led': 0}
2023-06-14 10:44:41,265 : DEBUG : Data pult: {'j1_val_y': 0, 'j1_val_x': 0, 'j2_val_y': 0, 'j2_val_x': 0, 'man': 0, 'servo_ñam': 90, 'led': 0}
2023-06-14 10:44:41,366 : DEBUG : Data pult: {'j1_val_y': 0, 'j1_val_x': 0, 'j2_val_y': 0, 'j2_val_x': 0, 'man': 0, 'servo_ñam': 90, 'led': 0}
2023-06-14 10:44:41,467 : DEBUG : Data pult: {'j1_val_y': 0, 'j1_val_x': 0, 'j2_val_y': 0, 'j2_val_x': 0, 'man': 0, 'servo_ñam': 90, 'led': 0}
2023-06-14 10:44:41,568 : DEBUG : Data pult: {'j1_val_y': 0, 'j1_val_x': 0, 'j2_val_y': 0, 'j2_val_x': 0, 'man': 0, 'servo_ñam': 90, 'led': 0}
2023-06-14 10:44:41,668 : DEBUG : Data pult: {'j1_val_y': 0, 'j1_val_x': 0, 'j2_val_y': 0, 'j2_val_x': 0, 'man': 0, 'servo_ñam': 90, 'led': 0}
2023-06-14 10:44:41,769 : DEBUG : Data pult: {'j1_val_y': 0, 'j1_val_x': 0, 'j2_val_y': 0, 'j2_val_x': 0, 'man': 0, 'servo_ñam': 90, 'led': 0}
2023-06-14 10:44:41,871 : DEBUG : Data pult: {'j1_val_y': 0, 'j1_val_x': 0, 'j2_val_y': 0, 'j2_val_x': 0, 'man': 0, 'servo_ñam': 90, 'led': 0}
2023-06-14 10:44:41,972 : DEBUG : Data pult: {'j1_val_y': 0, 'j1_val_x': 0, 'j2_val_y': 0, 'j2_val_x': 0, 'man': 0, 'servo_ñam': 90, 'led': 0}
2023-06-14 10:44:42,072 : DEBUG : Data pult: {'j1_val_y': 0, 'j1_val_x': 0, 'j2_val_y': 0, 'j2_val_x': 0, 'man': 0, 'servo_ñam': 90, 'led': 0}
2023-06-14 10:44:42,174 : DEBUG : Data pult: {'j1_val_y': 0, 'j1_val_x': 0, 'j2_val_y': 0, 'j2_val_x': 0, 'man': 0, 'servo_ñam': 90, 'led': 0}
2023-06-14 10:44:42,275 : DEBUG : Data pult: {'j1_val_y': 0, 'j1_val_x': 0, 'j2_val_y': 0, 'j2_val_x': 0, 'man': 0, 'servo_ñam': 90, 'led': 0}
2023-06-14 10:44:42,376 : DEBUG : Data pult: {'j1_val_y': 0, 'j1_val_x': 0, 'j2_val_y': 0, 'j2_val_x': 0, 'man': 0, 'servo_ñam': 90, 'led': 0}
2023-06-14 10:44:42,477 : DEBUG : Data pult: {'j1_val_y': 0, 'j1_val_x': 0, 'j2_val_y': 0, 'j2_val_x': 0, 'man': 0, 'servo_ñam': 90, 'led': 0}
2023-06-14 10:44:42,578 : DEBUG : Data pult: {'j1_val_y': 0, 'j1_val_x': 0, 'j2_val_y': 0, 'j2_val_x': 0, 'man': 0, 'servo_ñam': 90, 'led': 0}
2023-06-14 10:44:42,678 : DEBUG : Data pult: {'j1_val_y': 0, 'j1_val_x': 0, 'j2_val_y': 0, 'j2_val_x': 0, 'man': 0, 'servo_ñam': 90, 'led': 0}
2023-06-14 10:44:42,780 : DEBUG : Data pult: {'j1_val_y': 0, 'j1_val_x': 0, 'j2_val_y': 0, 'j2_val_x': 0, 'man': 0, 'servo_ñam': 90, 'led': 0}
2023-06-14 10:44:42,881 : DEBUG : Data pult: {'j1_val_y': 0, 'j1_val_x': 0, 'j2_val_y': 0, 'j2_val_x': 0, 'man': 0, 'servo_ñam': 90, 'led': 0}
2023-06-14 10:44:42,982 : DEBUG : Data pult: {'j1_val_y': 0, 'j1_val_x': 0, 'j2_val_y': 0, 'j2_val_x': 0, 'man': 0, 'servo_ñam': 90, 'led': 0}
2023-06-14 10:44:43,082 : DEBUG : Data pult: {'j1_val_y': 0, 'j1_val_x': 0, 'j2_val_y': 0, 'j2_val_x': 0, 'man': 0, 'servo_ñam': 90, 'led': 0}
2023-06-14 10:44:43,183 : DEBUG : Data pult: {'j1_val_y': 0, 'j1_val_x': 0, 'j2_val_y': 0, 'j2_val_x': 0, 'man': 0, 'servo_ñam': 90, 'led': 0}
2023-06-14 10:44:43,285 : DEBUG : Data pult: {'j1_val_y': 0, 'j1_val_x': 0, 'j2_val_y': 0, 'j2_val_x': 0, 'man': 0, 'servo_ñam': 90, 'led': 0}
2023-06-14 10:44:43,386 : DEBUG : Data pult: {'j1_val_y': 0, 'j1_val_x': 0, 'j2_val_y': 0, 'j2_val_x': 0, 'man': 0, 'servo_ñam': 90, 'led': 0}
2023-06-14 10:44:43,487 : DEBUG : Data pult: {'j1_val_y': 0, 'j1_val_x': 0, 'j2_val_y': 0, 'j2_val_x': 0, 'man': 0, 'servo_ñam': 90, 'led': 0}
2023-06-14 10:44:43,588 : DEBUG : Data pult: {'j1_val_y': 0, 'j1_val_x': 0, 'j2_val_y': 0, 'j2_val_x': 0, 'man': 0, 'servo_ñam': 90, 'led': 0}
2023-06-14 10:44:43,689 : DEBUG : Data pult: {'j1_val_y': 0, 'j1_val_x': 0, 'j2_val_y': 0, 'j2_val_x': 0, 'man': 0, 'servo_ñam': 90, 'led': 0}
2023-06-14 10:44:43,790 : DEBUG : Data pult: {'j1_val_y': 0, 'j1_val_x': 0, 'j2_val_y': 0, 'j2_val_x': 0, 'man': 0, 'servo_ñam': 90, 'led': 0}
2023-06-14 10:44:43,891 : DEBUG : Data pult: {'j1_val_y': 0, 'j1_val_x': 0, 'j2_val_y': 0, 'j2_val_x': 0, 'man': 0, 'servo_ñam': 90, 'led': 0}
2023-06-14 10:44:43,993 : DEBUG : Data pult: {'j1_val_y': 0, 'j1_val_x': 0, 'j2_val_y': 0, 'j2_val_x': 0, 'man': 0, 'servo_ñam': 90, 'led': 0}
2023-06-14 10:44:44,093 : DEBUG : Data pult: {'j1_val_y': 0, 'j1_val_x': 0, 'j2_val_y': 0, 'j2_val_x': 0, 'man': 0, 'servo_ñam': 90, 'led': 0}
2023-06-14 10:44:44,194 : DEBUG : Data pult: {'j1_val_y': 0, 'j1_val_x': 0, 'j2_val_y': 0, 'j2_val_x': 0, 'man': 0, 'servo_ñam': 90, 'led': 0}
2023-06-14 10:44:44,296 : DEBUG : Data pult: {'j1_val_y': 0, 'j1_val_x': 0, 'j2_val_y': 0, 'j2_val_x': 0, 'man': 0, 'servo_ñam': 90, 'led': 0}
2023-06-14 10:44:44,397 : DEBUG : Data pult: {'j1_val_y': 0, 'j1_val_x': 0, 'j2_val_y': 0, 'j2_val_x': 0, 'man': 0, 'servo_ñam': 90, 'led': 0}
2023-06-14 10:44:44,498 : DEBUG : Data pult: {'j1_val_y': 0, 'j1_val_x': 0, 'j2_val_y': 0, 'j2_val_x': 0, 'man': 0, 'servo_ñam': 90, 'led': 0}
2023-06-14 10:44:44,599 : DEBUG : Data pult: {'j1_val_y': 0, 'j1_val_x': 0, 'j2_val_y': 0, 'j2_val_x': 0, 'man': 0, 'servo_ñam': 90, 'led': 0}
2023-06-14 10:44:44,701 : DEBUG : Data pult: {'j1_val_y': 0, 'j1_val_x': 0, 'j2_val_y': 0, 'j2_val_x': 0, 'man': 0, 'servo_ñam': 90, 'led': 0}
2023-06-14 10:44:44,802 : DEBUG : Data pult: {'j1_val_y': 0, 'j1_val_x': 0, 'j2_val_y': 0, 'j2_val_x': 0, 'man': 0, 'servo_ñam': 90, 'led': 0}
2023-06-14 10:44:44,902 : DEBUG : Data pult: {'j1_val_y': 0, 'j1_val_x': 0, 'j2_val_y': 0, 'j2_val_x': 0, 'man': 0, 'servo_ñam': 90, 'led': 0}
2023-06-14 10:44:45,003 : DEBUG : Data pult: {'j1_val_y': 0, 'j1_val_x': 0, 'j2_val_y': 0, 'j2_val_x': 0, 'man': 0, 'servo_ñam': 90, 'led': 0}
2023-06-14 10:44:45,104 : DEBUG : Data pult: {'j1_val_y': 0, 'j1_val_x': 0, 'j2_val_y': 0, 'j2_val_x': 0, 'man': 0, 'servo_ñam': 90, 'led': 0}
2023-06-14 10:44:45,205 : DEBUG : Data pult: {'j1_val_y': 0, 'j1_val_x': 0, 'j2_val_y': 0, 'j2_val_x': 0, 'man': 0, 'servo_ñam': 90, 'led': 0}
2023-06-14 10:44:45,305 : DEBUG : Data pult: {'j1_val_y': 0, 'j1_val_x': 0, 'j2_val_y': 0, 'j2_val_x': 0, 'man': 0, 'servo_ñam': 90, 'led': 0}
2023-06-14 10:44:45,407 : DEBUG : Data pult: {'j1_val_y': 0, 'j1_val_x': 0, 'j2_val_y': 0, 'j2_val_x': 0, 'man': 0, 'servo_ñam': 90, 'led': 0}
2023-06-14 10:44:45,508 : DEBUG : Data pult: {'j1_val_y': 0, 'j1_val_x': 0, 'j2_val_y': 0, 'j2_val_x': 0, 'man': 0, 'servo_ñam': 90, 'led': 0}
2023-06-14 10:44:45,609 : DEBUG : Data pult: {'j1_val_y': 0, 'j1_val_x': 0, 'j2_val_y': 0, 'j2_val_x': 0, 'man': 0, 'servo_ñam': 90, 'led': 0}
2023-06-14 10:44:45,710 : DEBUG : Data pult: {'j1_val_y': 0, 'j1_val_x': 0, 'j2_val_y': 0, 'j2_val_x': 0, 'man': 0, 'servo_ñam': 90, 'led': 0}
2023-06-14 10:44:45,811 : DEBUG : Data pult: {'j1_val_y': 0, 'j1_val_x': 0, 'j2_val_y': 0, 'j2_val_x': 0, 'man': 0, 'servo_ñam': 90, 'led': 0}
2023-06-14 10:44:45,911 : DEBUG : Data pult: {'j1_val_y': 0, 'j1_val_x': 0, 'j2_val_y': 0, 'j2_val_x': 0, 'man': 0, 'servo_ñam': 90, 'led': 0}
2023-06-14 10:44:46,012 : DEBUG : Data pult: {'j1_val_y': 0, 'j1_val_x': 0, 'j2_val_y': 0, 'j2_val_x': 0, 'man': 0, 'servo_ñam': 90, 'led': 0}
2023-06-14 10:44:46,114 : DEBUG : Data pult: {'j1_val_y': 0, 'j1_val_x': 0, 'j2_val_y': 0, 'j2_val_x': 0, 'man': 0, 'servo_ñam': 90, 'led': 0}
2023-06-14 10:44:46,214 : DEBUG : Data pult: {'j1_val_y': 0, 'j1_val_x': 0, 'j2_val_y': 0, 'j2_val_x': 0, 'man': 0, 'servo_ñam': 90, 'led': 0}
2023-06-14 10:44:46,315 : DEBUG : Data pult: {'j1_val_y': 0, 'j1_val_x': 0, 'j2_val_y': 0, 'j2_val_x': 0, 'man': 0, 'servo_ñam': 90, 'led': 0}
2023-06-14 10:44:46,415 : DEBUG : Data pult: {'j1_val_y': 0, 'j1_val_x': 0, 'j2_val_y': 0, 'j2_val_x': 0, 'man': 0, 'servo_ñam': 90, 'led': 0}
2023-06-14 10:44:46,516 : DEBUG : Data pult: {'j1_val_y': 0, 'j1_val_x': 0, 'j2_val_y': 0, 'j2_val_x': 0, 'man': 0, 'servo_ñam': 90, 'led': 0}
2023-06-14 10:44:46,617 : DEBUG : Data pult: {'j1_val_y': 0, 'j1_val_x': 0, 'j2_val_y': 0, 'j2_val_x': 0, 'man': 0, 'servo_ñam': 90, 'led': 0}
2023-06-14 10:44:46,718 : DEBUG : Data pult: {'j1_val_y': 0, 'j1_val_x': 0, 'j2_val_y': 0, 'j2_val_x': 0, 'man': 0, 'servo_ñam': 90, 'led': 0}
2023-06-14 10:44:46,818 : DEBUG : Data pult: {'j1_val_y': 0, 'j1_val_x': 0, 'j2_val_y': 0, 'j2_val_x': 0, 'man': 0, 'servo_ñam': 90, 'led': 0}
2023-06-14 10:44:46,919 : DEBUG : Data pult: {'j1_val_y': 0, 'j1_val_x': 0, 'j2_val_y': 0, 'j2_val_x': 0, 'man': 0, 'servo_ñam': 90, 'led': 0}
2023-06-14 10:44:47,021 : DEBUG : Data pult: {'j1_val_y': 0, 'j1_val_x': 0, 'j2_val_y': 0, 'j2_val_x': 0, 'man': 0, 'servo_ñam': 90, 'led': 0}
2023-06-14 10:44:47,122 : DEBUG : Data pult: {'j1_val_y': 0, 'j1_val_x': 0, 'j2_val_y': 0, 'j2_val_x': 0, 'man': 0, 'servo_ñam': 90, 'led': 0}
2023-06-14 10:44:47,222 : DEBUG : Data pult: {'j1_val_y': 0, 'j1_val_x': 0, 'j2_val_y': 0, 'j2_val_x': 0, 'man': 0, 'servo_ñam': 90, 'led': 0}
2023-06-14 10:44:47,323 : DEBUG : Data pult: {'j1_val_y': 0, 'j1_val_x': 0, 'j2_val_y': 0, 'j2_val_x': 0, 'man': 0, 'servo_ñam': 90, 'led': 0}
2023-06-14 10:44:47,424 : DEBUG : Data pult: {'j1_val_y': 0, 'j1_val_x': 0, 'j2_val_y': 0, 'j2_val_x': 0, 'man': 0, 'servo_ñam': 90, 'led': 0}
2023-06-14 10:44:47,525 : DEBUG : Data pult: {'j1_val_y': 0, 'j1_val_x': 0, 'j2_val_y': 0, 'j2_val_x': 0, 'man': 0, 'servo_ñam': 90, 'led': 0}
2023-06-14 10:44:47,626 : DEBUG : Data pult: {'j1_val_y': 0, 'j1_val_x': 0, 'j2_val_y': 0, 'j2_val_x': 0, 'man': 0, 'servo_ñam': 90, 'led': 0}
2023-06-14 10:44:47,726 : DEBUG : Data pult: {'j1_val_y': 0, 'j1_val_x': 0, 'j2_val_y': 0, 'j2_val_x': 0, 'man': 0, 'servo_ñam': 90, 'led': 0}
2023-06-14 10:44:47,827 : DEBUG : Data pult: {'j1_val_y': 0, 'j1_val_x': 0, 'j2_val_y': 0, 'j2_val_x': 0, 'man': 0, 'servo_ñam': 90, 'led': 0}
2023-06-14 10:44:47,928 : DEBUG : Data pult: {'j1_val_y': 0, 'j1_val_x': 0, 'j2_val_y': 0, 'j2_val_x': 0, 'man': 0, 'servo_ñam': 90, 'led': 0}
2023-06-14 10:44:48,029 : DEBUG : Data pult: {'j1_val_y': 0, 'j1_val_x': 0, 'j2_val_y': 0, 'j2_val_x': 0, 'man': 0, 'servo_ñam': 90, 'led': 0}
2023-06-14 10:44:48,129 : DEBUG : Data pult: {'j1_val_y': 0, 'j1_val_x': 0, 'j2_val_y': 0, 'j2_val_x': 0, 'man': 0, 'servo_ñam': 90, 'led': 0}
2023-06-14 10:44:48,231 : DEBUG : Data pult: {'j1_val_y': 0, 'j1_val_x': 0, 'j2_val_y': 0, 'j2_val_x': 0, 'man': 0, 'servo_ñam': 90, 'led': 0}
2023-06-14 10:44:48,331 : DEBUG : Data pult: {'j1_val_y': 0, 'j1_val_x': 0, 'j2_val_y': 0, 'j2_val_x': 0, 'man': 0, 'servo_ñam': 90, 'led': 0}
2023-06-14 10:44:48,433 : DEBUG : Data pult: {'j1_val_y': 0, 'j1_val_x': 0, 'j2_val_y': 0, 'j2_val_x': 0, 'man': 0, 'servo_ñam': 90, 'led': 0}
2023-06-14 10:44:48,533 : DEBUG : Data pult: {'j1_val_y': 0, 'j1_val_x': 0, 'j2_val_y': 0, 'j2_val_x': 0, 'man': 0, 'servo_ñam': 90, 'led': 0}
2023-06-14 10:44:48,635 : DEBUG : Data pult: {'j1_val_y': 0, 'j1_val_x': 0, 'j2_val_y': 0, 'j2_val_x': 0, 'man': 0, 'servo_ñam': 90, 'led': 0}
2023-06-14 10:44:48,736 : DEBUG : Data pult: {'j1_val_y': 0, 'j1_val_x': 0, 'j2_val_y': 0, 'j2_val_x': 0, 'man': 0, 'servo_ñam': 90, 'led': 0}
2023-06-14 10:44:48,836 : DEBUG : Data pult: {'j1_val_y': 0, 'j1_val_x': 0, 'j2_val_y': 0, 'j2_val_x': 0, 'man': 0, 'servo_ñam': 90, 'led': 0}
2023-06-14 10:44:48,937 : DEBUG : Data pult: {'j1_val_y': 0, 'j1_val_x': 0, 'j2_val_y': 0, 'j2_val_x': 0, 'man': 0, 'servo_ñam': 90, 'led': 0}
2023-06-14 10:44:49,039 : DEBUG : Data pult: {'j1_val_y': 0, 'j1_val_x': 0, 'j2_val_y': 0, 'j2_val_x': 0, 'man': 0, 'servo_ñam': 90, 'led': 0}
2023-06-14 10:44:49,140 : DEBUG : Data pult: {'j1_val_y': 0, 'j1_val_x': 0, 'j2_val_y': 0, 'j2_val_x': 0, 'man': 0, 'servo_ñam': 90, 'led': 0}
2023-06-14 10:44:49,240 : DEBUG : Data pult: {'j1_val_y': 0, 'j1_val_x': 0, 'j2_val_y': 0, 'j2_val_x': 0, 'man': 0, 'servo_ñam': 90, 'led': 0}
2023-06-14 10:44:49,342 : DEBUG : Data pult: {'j1_val_y': 0, 'j1_val_x': 0, 'j2_val_y': 0, 'j2_val_x': 0, 'man': 0, 'servo_ñam': 90, 'led': 0}
2023-06-14 10:44:49,443 : DEBUG : Data pult: {'j1_val_y': 0, 'j1_val_x': 0, 'j2_val_y': 0, 'j2_val_x': 0, 'man': 0, 'servo_ñam': 90, 'led': 0}
2023-06-14 10:44:49,544 : DEBUG : Data pult: {'j1_val_y': 0, 'j1_val_x': 0, 'j2_val_y': 0, 'j2_val_x': 0, 'man': 0, 'servo_ñam': 90, 'led': 0}
2023-06-14 10:44:49,644 : DEBUG : Data pult: {'j1_val_y': 0, 'j1_val_x': 0, 'j2_val_y': 0, 'j2_val_x': 0, 'man': 0, 'servo_ñam': 90, 'led': 0}
2023-06-14 10:44:49,745 : DEBUG : Data pult: {'j1_val_y': 0, 'j1_val_x': 0, 'j2_val_y': 0, 'j2_val_x': 0, 'man': 0, 'servo_ñam': 90, 'led': 0}
2023-06-14 10:44:49,846 : DEBUG : Data pult: {'j1_val_y': 0, 'j1_val_x': 0, 'j2_val_y': 0, 'j2_val_x': 0, 'man': 0, 'servo_ñam': 90, 'led': 0}
2023-06-14 10:44:49,946 : DEBUG : Data pult: {'j1_val_y': 0, 'j1_val_x': 0, 'j2_val_y': 0, 'j2_val_x': 0, 'man': 0, 'servo_ñam': 90, 'led': 0}
2023-06-14 10:44:50,047 : DEBUG : Data pult: {'j1_val_y': 0, 'j1_val_x': 0, 'j2_val_y': 0, 'j2_val_x': 0, 'man': 0, 'servo_ñam': 90, 'led': 0}
2023-06-14 10:44:50,148 : DEBUG : Data pult: {'j1_val_y': 0, 'j1_val_x': 0, 'j2_val_y': 0, 'j2_val_x': 0, 'man': 0, 'servo_ñam': 90, 'led': 0}
2023-06-14 10:44:50,249 : DEBUG : Data pult: {'j1_val_y': 0, 'j1_val_x': 0, 'j2_val_y': 0, 'j2_val_x': 0, 'man': 0, 'servo_ñam': 90, 'led': 0}
2023-06-14 10:44:50,350 : DEBUG : Data pult: {'j1_val_y': 0, 'j1_val_x': 0, 'j2_val_y': 0, 'j2_val_x': 0, 'man': 0, 'servo_ñam': 90, 'led': 0}
2023-06-14 10:44:50,451 : DEBUG : Data pult: {'j1_val_y': 0, 'j1_val_x': 0, 'j2_val_y': 0, 'j2_val_x': 0, 'man': 0, 'servo_ñam': 90, 'led': 0}
2023-06-14 10:44:50,552 : DEBUG : Data pult: {'j1_val_y': 0, 'j1_val_x': 0, 'j2_val_y': 0, 'j2_val_x': 0, 'man': 0, 'servo_ñam': 90, 'led': 0}
2023-06-14 10:44:50,653 : DEBUG : Data pult: {'j1_val_y': 0, 'j1_val_x': 0, 'j2_val_y': 0, 'j2_val_x': 0, 'man': 0, 'servo_ñam': 90, 'led': 0}
2023-06-14 10:44:50,755 : DEBUG : Data pult: {'j1_val_y': 0, 'j1_val_x': 0, 'j2_val_y': 0, 'j2_val_x': 0, 'man': 0, 'servo_ñam': 90, 'led': 0}
2023-06-14 10:44:50,855 : DEBUG : Data pult: {'j1_val_y': 0, 'j1_val_x': 0, 'j2_val_y': 0, 'j2_val_x': 0, 'man': 0, 'servo_ñam': 90, 'led': 0}
2023-06-14 10:44:50,956 : DEBUG : Data pult: {'j1_val_y': 0, 'j1_val_x': 0, 'j2_val_y': 0, 'j2_val_x': 0, 'man': 0, 'servo_ñam': 90, 'led': 0}
2023-06-14 10:44:51,057 : DEBUG : Data pult: {'j1_val_y': 0, 'j1_val_x': 0, 'j2_val_y': 0, 'j2_val_x': 0, 'man': 0, 'servo_ñam': 90, 'led': 0}
2023-06-14 10:44:51,159 : DEBUG : Data pult: {'j1_val_y': 0, 'j1_val_x': 0, 'j2_val_y': 0, 'j2_val_x': 0, 'man': 0, 'servo_ñam': 90, 'led': 0}
2023-06-14 10:44:51,260 : DEBUG : Data pult: {'j1_val_y': 0, 'j1_val_x': 0, 'j2_val_y': 0, 'j2_val_x': 0, 'man': 0, 'servo_ñam': 90, 'led': 0}
2023-06-14 10:44:51,360 : DEBUG : Data pult: {'j1_val_y': 0, 'j1_val_x': 0, 'j2_val_y': 0, 'j2_val_x': 0, 'man': 0, 'servo_ñam': 90, 'led': 0}
2023-06-14 10:44:51,462 : DEBUG : Data pult: {'j1_val_y': 0, 'j1_val_x': 0, 'j2_val_y': 0, 'j2_val_x': 0, 'man': 0, 'servo_ñam': 90, 'led': 0}
2023-06-14 10:44:51,562 : DEBUG : Data pult: {'j1_val_y': 0, 'j1_val_x': 0, 'j2_val_y': 0, 'j2_val_x': 0, 'man': 0, 'servo_ñam': 90, 'led': 0}
2023-06-14 10:44:51,663 : DEBUG : Data pult: {'j1_val_y': 0, 'j1_val_x': 0, 'j2_val_y': 0, 'j2_val_x': 0, 'man': 0, 'servo_ñam': 90, 'led': 0}
2023-06-14 10:44:51,764 : DEBUG : Data pult: {'j1_val_y': 0, 'j1_val_x': 0, 'j2_val_y': 0, 'j2_val_x': 0, 'man': 0, 'servo_ñam': 90, 'led': 0}
2023-06-14 10:44:51,864 : DEBUG : Data pult: {'j1_val_y': 0, 'j1_val_x': 0, 'j2_val_y': 0, 'j2_val_x': 0, 'man': 0, 'servo_ñam': 90, 'led': 0}
2023-06-14 10:44:51,966 : DEBUG : Data pult: {'j1_val_y': 0, 'j1_val_x': 0, 'j2_val_y': 0, 'j2_val_x': 0, 'man': 0, 'servo_ñam': 90, 'led': 0}
2023-06-14 10:44:52,066 : DEBUG : Data pult: {'j1_val_y': 0, 'j1_val_x': 0, 'j2_val_y': 0, 'j2_val_x': 0, 'man': 0, 'servo_ñam': 90, 'led': 0}
2023-06-14 10:44:52,167 : DEBUG : Data pult: {'j1_val_y': 0, 'j1_val_x': 0, 'j2_val_y': 0, 'j2_val_x': 0, 'man': 0, 'servo_ñam': 90, 'led': 0}
2023-06-14 10:44:52,267 : DEBUG : Data pult: {'j1_val_y': 0, 'j1_val_x': 0, 'j2_val_y': 0, 'j2_val_x': 0, 'man': 0, 'servo_ñam': 90, 'led': 0}
2023-06-14 10:44:52,369 : DEBUG : Data pult: {'j1_val_y': 0, 'j1_val_x': 0, 'j2_val_y': 0, 'j2_val_x': 0, 'man': 0, 'servo_ñam': 90, 'led': 0}
2023-06-14 10:44:52,470 : DEBUG : Data pult: {'j1_val_y': 0, 'j1_val_x': 0, 'j2_val_y': 0, 'j2_val_x': 0, 'man': 0, 'servo_ñam': 90, 'led': 0}
2023-06-14 10:44:52,571 : DEBUG : Data pult: {'j1_val_y': 0, 'j1_val_x': 0, 'j2_val_y': 0, 'j2_val_x': 0, 'man': 0, 'servo_ñam': 90, 'led': 0}
2023-06-14 10:44:52,672 : DEBUG : Data pult: {'j1_val_y': 0, 'j1_val_x': 0, 'j2_val_y': 0, 'j2_val_x': 0, 'man': 0, 'servo_ñam': 90, 'led': 0}
2023-06-14 10:44:52,773 : DEBUG : Data pult: {'j1_val_y': 0, 'j1_val_x': 0, 'j2_val_y': 0, 'j2_val_x': 0, 'man': 0, 'servo_ñam': 90, 'led': 0}
2023-06-14 10:44:52,874 : DEBUG : Data pult: {'j1_val_y': 0, 'j1_val_x': 0, 'j2_val_y': 0, 'j2_val_x': 0, 'man': 0, 'servo_ñam': 90, 'led': 0}
2023-06-14 10:44:52,976 : DEBUG : Data pult: {'j1_val_y': 0, 'j1_val_x': 0, 'j2_val_y': 0, 'j2_val_x': 0, 'man': 0, 'servo_ñam': 90, 'led': 0}
2023-06-14 10:44:53,076 : DEBUG : Data pult: {'j1_val_y': 0, 'j1_val_x': 0, 'j2_val_y': 0, 'j2_val_x': 0, 'man': 0, 'servo_ñam': 90, 'led': 0}
2023-06-14 10:44:53,178 : DEBUG : Data pult: {'j1_val_y': 0, 'j1_val_x': 0, 'j2_val_y': 0, 'j2_val_x': 0, 'man': 0, 'servo_ñam': 90, 'led': 0}
2023-06-14 10:44:53,279 : DEBUG : Data pult: {'j1_val_y': 0, 'j1_val_x': 0, 'j2_val_y': 0, 'j2_val_x': 0, 'man': 0, 'servo_ñam': 90, 'led': 0}
2023-06-14 10:44:53,379 : DEBUG : Data pult: {'j1_val_y': 0, 'j1_val_x': 0, 'j2_val_y': 0, 'j2_val_x': 0, 'man': 0, 'servo_ñam': 90, 'led': 0}
2023-06-14 10:44:53,481 : DEBUG : Data pult: {'j1_val_y': 0, 'j1_val_x': 0, 'j2_val_y': 0, 'j2_val_x': 0, 'man': 0, 'servo_ñam': 90, 'led': 0}
2023-06-14 10:44:53,582 : DEBUG : Data pult: {'j1_val_y': 0, 'j1_val_x': 0, 'j2_val_y': 0, 'j2_val_x': 0, 'man': 0, 'servo_ñam': 90, 'led': 0}
2023-06-14 10:44:53,683 : DEBUG : Data pult: {'j1_val_y': 0, 'j1_val_x': 0, 'j2_val_y': 0, 'j2_val_x': 0, 'man': 0, 'servo_ñam': 90, 'led': 0}
2023-06-14 10:44:53,783 : DEBUG : Data pult: {'j1_val_y': 0, 'j1_val_x': 0, 'j2_val_y': 0, 'j2_val_x': 0, 'man': 0, 'servo_ñam': 90, 'led': 0}
2023-06-14 10:44:53,884 : DEBUG : Data pult: {'j1_val_y': 0, 'j1_val_x': 0, 'j2_val_y': 0, 'j2_val_x': 0, 'man': 0, 'servo_ñam': 90, 'led': 0}
2023-06-14 10:44:53,984 : DEBUG : Data pult: {'j1_val_y': 0, 'j1_val_x': 0, 'j2_val_y': 0, 'j2_val_x': 0, 'man': 0, 'servo_ñam': 90, 'led': 0}
2023-06-14 10:44:54,086 : DEBUG : Data pult: {'j1_val_y': 0, 'j1_val_x': 0, 'j2_val_y': 0, 'j2_val_x': 0, 'man': 0, 'servo_ñam': 90, 'led': 0}
2023-06-14 10:44:54,186 : DEBUG : Data pult: {'j1_val_y': 0, 'j1_val_x': 0, 'j2_val_y': 0, 'j2_val_x': 0, 'man': 0, 'servo_ñam': 90, 'led': 0}
2023-06-14 10:44:54,287 : DEBUG : Data pult: {'j1_val_y': 0, 'j1_val_x': 0, 'j2_val_y': 0, 'j2_val_x': 0, 'man': 0, 'servo_ñam': 90, 'led': 0}
