2023-06-14 10:44:53,298 : INFO : Start logging
2023-06-14 10:44:53,298 : INFO : ROV waiting for connection
2023-06-14 10:45:30,718 : INFO : ROV Connected <socket.socket fd=1432, family=2, type=1, proto=0, laddr=('192.168.1.101', 3000), raddr=('192.168.1.100', 39884)>
2023-06-14 10:45:30,801 : INFO : Controller PS4 init
2023-06-14 10:45:30,801 : INFO : Main post init
2023-06-14 10:45:30,801 : INFO : Controller PS4 listen
2023-06-14 10:45:30,801 : INFO : Pult run
2023-06-14 10:45:30,802 : DEBUG : Data pult: {'j1_val_y': 0, 'j1_val_x': 0, 'j2_val_y': 0, 'j2_val_x': 0, 'man': 0, 'servo_ñam': 90, 'led': 0}
2023-06-14 10:45:30,812 : DEBUG : Send data : {'time': datetime.datetime(2023, 6, 14, 10, 45, 30, 801658), 'led': False, 'man': 0, 'servo_ñam': 90, 'm_0': 50, 'm_1': 50, 'm_2': 50, 'm_3': 50, 'm_4': 0, 'm_5': 0, 'm_6': 0, 'm_7': 0}
2023-06-14 10:45:30,923 : INFO : ROV disconnection <socket.socket fd=1432, family=2, type=1, proto=0, laddr=('192.168.1.101', 3000), raddr=('192.168.1.100', 39884)>
2023-06-14 10:45:31,024 : DEBUG : Data pult: {'j1_val_y': 0, 'j1_val_x': 0, 'j2_val_y': 0, 'j2_val_x': 0, 'man': 0, 'servo_ñam': 90, 'led': 0}
2023-06-14 10:45:31,126 : DEBUG : Data pult: {'j1_val_y': 0, 'j1_val_x': 0, 'j2_val_y': 0, 'j2_val_x': 0, 'man': 0, 'servo_ñam': 90, 'led': 0}
2023-06-14 10:45:31,227 : DEBUG : Data pult: {'j1_val_y': 0, 'j1_val_x': 0, 'j2_val_y': 0, 'j2_val_x': 0, 'man': 0, 'servo_ñam': 90, 'led': 0}
2023-06-14 10:45:31,328 : DEBUG : Data pult: {'j1_val_y': 0, 'j1_val_x': 0, 'j2_val_y': 0, 'j2_val_x': 0, 'man': 0, 'servo_ñam': 90, 'led': 0}
2023-06-14 10:45:31,429 : DEBUG : Data pult: {'j1_val_y': 0, 'j1_val_x': 0, 'j2_val_y': 0, 'j2_val_x': 0, 'man': 0, 'servo_ñam': 90, 'led': 0}
2023-06-14 10:45:31,530 : DEBUG : Data pult: {'j1_val_y': 0, 'j1_val_x': 0, 'j2_val_y': 0, 'j2_val_x': 0, 'man': 0, 'servo_ñam': 90, 'led': 0}
2023-06-14 10:45:31,631 : DEBUG : Data pult: {'j1_val_y': 0, 'j1_val_x': 0, 'j2_val_y': 0, 'j2_val_x': 0, 'man': 0, 'servo_ñam': 90, 'led': 0}
2023-06-14 10:45:31,732 : DEBUG : Data pult: {'j1_val_y': 0, 'j1_val_x': 0, 'j2_val_y': 0, 'j2_val_x': 0, 'man': 0, 'servo_ñam': 90, 'led': 0}
2023-06-14 10:45:31,833 : DEBUG : Data pult: {'j1_val_y': 0, 'j1_val_x': 0, 'j2_val_y': 0, 'j2_val_x': 0, 'man': 0, 'servo_ñam': 90, 'led': 0}
2023-06-14 10:45:31,933 : DEBUG : Data pult: {'j1_val_y': 0, 'j1_val_x': 0, 'j2_val_y': 0, 'j2_val_x': 0, 'man': 0, 'servo_ñam': 90, 'led': 0}
2023-06-14 10:45:32,035 : DEBUG : Data pult: {'j1_val_y': 0, 'j1_val_x': 0, 'j2_val_y': 0, 'j2_val_x': 0, 'man': 0, 'servo_ñam': 90, 'led': 0}
2023-06-14 10:45:32,136 : DEBUG : Data pult: {'j1_val_y': 0, 'j1_val_x': 0, 'j2_val_y': 0, 'j2_val_x': 0, 'man': 0, 'servo_ñam': 90, 'led': 0}
2023-06-14 10:45:32,237 : DEBUG : Data pult: {'j1_val_y': 0, 'j1_val_x': 0, 'j2_val_y': 0, 'j2_val_x': 0, 'man': 0, 'servo_ñam': 90, 'led': 0}
2023-06-14 10:45:32,337 : DEBUG : Data pult: {'j1_val_y': 0, 'j1_val_x': 0, 'j2_val_y': 0, 'j2_val_x': 0, 'man': 0, 'servo_ñam': 90, 'led': 0}
2023-06-14 10:45:32,439 : DEBUG : Data pult: {'j1_val_y': 0, 'j1_val_x': 0, 'j2_val_y': 0, 'j2_val_x': 0, 'man': 0, 'servo_ñam': 90, 'led': 0}
2023-06-14 10:45:32,539 : DEBUG : Data pult: {'j1_val_y': 0, 'j1_val_x': 0, 'j2_val_y': 0, 'j2_val_x': 0, 'man': 0, 'servo_ñam': 90, 'led': 0}
2023-06-14 10:45:32,641 : DEBUG : Data pult: {'j1_val_y': 0, 'j1_val_x': 0, 'j2_val_y': 0, 'j2_val_x': 0, 'man': 0, 'servo_ñam': 90, 'led': 0}
2023-06-14 10:45:32,741 : DEBUG : Data pult: {'j1_val_y': 0, 'j1_val_x': 0, 'j2_val_y': 0, 'j2_val_x': 0, 'man': 0, 'servo_ñam': 90, 'led': 0}
2023-06-14 10:45:32,842 : DEBUG : Data pult: {'j1_val_y': 0, 'j1_val_x': 0, 'j2_val_y': 0, 'j2_val_x': 0, 'man': 0, 'servo_ñam': 90, 'led': 0}
2023-06-14 10:45:32,943 : DEBUG : Data pult: {'j1_val_y': 0, 'j1_val_x': 0, 'j2_val_y': 0, 'j2_val_x': 0, 'man': 0, 'servo_ñam': 90, 'led': 0}
2023-06-14 10:45:33,044 : DEBUG : Data pult: {'j1_val_y': 0, 'j1_val_x': 0, 'j2_val_y': 0, 'j2_val_x': 0, 'man': 0, 'servo_ñam': 90, 'led': 0}
2023-06-14 10:45:33,145 : DEBUG : Data pult: {'j1_val_y': 0, 'j1_val_x': 0, 'j2_val_y': 0, 'j2_val_x': 0, 'man': 0, 'servo_ñam': 90, 'led': 0}
2023-06-14 10:45:33,246 : DEBUG : Data pult: {'j1_val_y': 0, 'j1_val_x': 0, 'j2_val_y': 0, 'j2_val_x': 0, 'man': 0, 'servo_ñam': 90, 'led': 0}
2023-06-14 10:45:33,347 : DEBUG : Data pult: {'j1_val_y': 0, 'j1_val_x': 0, 'j2_val_y': 0, 'j2_val_x': 0, 'man': 0, 'servo_ñam': 90, 'led': 0}
2023-06-14 10:45:33,449 : DEBUG : Data pult: {'j1_val_y': 0, 'j1_val_x': 0, 'j2_val_y': 0, 'j2_val_x': 0, 'man': 0, 'servo_ñam': 90, 'led': 0}
2023-06-14 10:45:33,550 : DEBUG : Data pult: {'j1_val_y': 0, 'j1_val_x': 0, 'j2_val_y': 0, 'j2_val_x': 0, 'man': 0, 'servo_ñam': 90, 'led': 0}
2023-06-14 10:45:33,652 : DEBUG : Data pult: {'j1_val_y': 0, 'j1_val_x': 0, 'j2_val_y': 0, 'j2_val_x': 0, 'man': 0, 'servo_ñam': 90, 'led': 0}
2023-06-14 10:45:33,753 : DEBUG : Data pult: {'j1_val_y': 0, 'j1_val_x': 0, 'j2_val_y': 0, 'j2_val_x': 0, 'man': 0, 'servo_ñam': 90, 'led': 0}
2023-06-14 10:45:33,853 : DEBUG : Data pult: {'j1_val_y': 0, 'j1_val_x': 0, 'j2_val_y': 0, 'j2_val_x': 0, 'man': 0, 'servo_ñam': 90, 'led': 0}
2023-06-14 10:45:33,955 : DEBUG : Data pult: {'j1_val_y': 0, 'j1_val_x': 0, 'j2_val_y': 0, 'j2_val_x': 0, 'man': 0, 'servo_ñam': 90, 'led': 0}
2023-06-14 10:45:34,056 : DEBUG : Data pult: {'j1_val_y': 0, 'j1_val_x': 0, 'j2_val_y': 0, 'j2_val_x': 0, 'man': 0, 'servo_ñam': 90, 'led': 0}
2023-06-14 10:45:34,158 : DEBUG : Data pult: {'j1_val_y': 0, 'j1_val_x': 0, 'j2_val_y': 0, 'j2_val_x': 0, 'man': 0, 'servo_ñam': 90, 'led': 0}
2023-06-14 10:45:34,259 : DEBUG : Data pult: {'j1_val_y': 0, 'j1_val_x': 0, 'j2_val_y': 0, 'j2_val_x': 0, 'man': 0, 'servo_ñam': 90, 'led': 0}
2023-06-14 10:45:34,360 : DEBUG : Data pult: {'j1_val_y': 0, 'j1_val_x': 0, 'j2_val_y': 0, 'j2_val_x': 0, 'man': 0, 'servo_ñam': 90, 'led': 0}
2023-06-14 10:45:34,461 : DEBUG : Data pult: {'j1_val_y': 0, 'j1_val_x': 0, 'j2_val_y': 0, 'j2_val_x': 0, 'man': 0, 'servo_ñam': 90, 'led': 0}
2023-06-14 10:45:34,562 : DEBUG : Data pult: {'j1_val_y': 0, 'j1_val_x': 0, 'j2_val_y': 0, 'j2_val_x': 0, 'man': 0, 'servo_ñam': 90, 'led': 0}
2023-06-14 10:45:34,662 : DEBUG : Data pult: {'j1_val_y': 0, 'j1_val_x': 0, 'j2_val_y': 0, 'j2_val_x': 0, 'man': 0, 'servo_ñam': 90, 'led': 0}
2023-06-14 10:45:34,763 : DEBUG : Data pult: {'j1_val_y': 0, 'j1_val_x': 0, 'j2_val_y': 0, 'j2_val_x': 0, 'man': 0, 'servo_ñam': 90, 'led': 0}
2023-06-14 10:45:34,864 : DEBUG : Data pult: {'j1_val_y': 0, 'j1_val_x': 0, 'j2_val_y': 0, 'j2_val_x': 0, 'man': 0, 'servo_ñam': 90, 'led': 0}
2023-06-14 10:45:34,965 : DEBUG : Data pult: {'j1_val_y': 0, 'j1_val_x': 0, 'j2_val_y': 0, 'j2_val_x': 0, 'man': 0, 'servo_ñam': 90, 'led': 0}
2023-06-14 10:45:35,065 : DEBUG : Data pult: {'j1_val_y': 0, 'j1_val_x': 0, 'j2_val_y': 0, 'j2_val_x': 0, 'man': 0, 'servo_ñam': 90, 'led': 0}
2023-06-14 10:45:35,166 : DEBUG : Data pult: {'j1_val_y': 0, 'j1_val_x': 0, 'j2_val_y': 0, 'j2_val_x': 0, 'man': 0, 'servo_ñam': 90, 'led': 0}
2023-06-14 10:45:35,267 : DEBUG : Data pult: {'j1_val_y': 0, 'j1_val_x': 0, 'j2_val_y': 0, 'j2_val_x': 0, 'man': 0, 'servo_ñam': 90, 'led': 0}
2023-06-14 10:45:35,368 : DEBUG : Data pult: {'j1_val_y': 0, 'j1_val_x': 0, 'j2_val_y': 0, 'j2_val_x': 0, 'man': 0, 'servo_ñam': 90, 'led': 0}
2023-06-14 10:45:35,469 : DEBUG : Data pult: {'j1_val_y': 0, 'j1_val_x': 0, 'j2_val_y': 0, 'j2_val_x': 0, 'man': 0, 'servo_ñam': 90, 'led': 0}
2023-06-14 10:45:35,569 : DEBUG : Data pult: {'j1_val_y': 0, 'j1_val_x': 0, 'j2_val_y': 0, 'j2_val_x': 0, 'man': 0, 'servo_ñam': 90, 'led': 0}
2023-06-14 10:45:35,671 : DEBUG : Data pult: {'j1_val_y': 0, 'j1_val_x': 0, 'j2_val_y': 0, 'j2_val_x': 0, 'man': 0, 'servo_ñam': 90, 'led': 0}
2023-06-14 10:45:35,771 : DEBUG : Data pult: {'j1_val_y': 0, 'j1_val_x': 0, 'j2_val_y': 0, 'j2_val_x': 0, 'man': 0, 'servo_ñam': 90, 'led': 0}
2023-06-14 10:45:35,872 : DEBUG : Data pult: {'j1_val_y': 0, 'j1_val_x': 0, 'j2_val_y': 0, 'j2_val_x': 0, 'man': 0, 'servo_ñam': 90, 'led': 0}
2023-06-14 10:45:35,973 : DEBUG : Data pult: {'j1_val_y': 0, 'j1_val_x': 0, 'j2_val_y': 0, 'j2_val_x': 0, 'man': 0, 'servo_ñam': 90, 'led': 0}
2023-06-14 10:45:36,074 : DEBUG : Data pult: {'j1_val_y': 0, 'j1_val_x': 0, 'j2_val_y': 0, 'j2_val_x': 0, 'man': 0, 'servo_ñam': 90, 'led': 0}
2023-06-14 10:45:36,174 : DEBUG : Data pult: {'j1_val_y': 0, 'j1_val_x': 0, 'j2_val_y': 0, 'j2_val_x': 0, 'man': 0, 'servo_ñam': 90, 'led': 0}
2023-06-14 10:45:36,275 : DEBUG : Data pult: {'j1_val_y': 0, 'j1_val_x': 0, 'j2_val_y': 0, 'j2_val_x': 0, 'man': 0, 'servo_ñam': 90, 'led': 0}
2023-06-14 10:45:36,376 : DEBUG : Data pult: {'j1_val_y': 0, 'j1_val_x': 0, 'j2_val_y': 0, 'j2_val_x': 0, 'man': 0, 'servo_ñam': 90, 'led': 0}
2023-06-14 10:45:36,477 : DEBUG : Data pult: {'j1_val_y': 0, 'j1_val_x': 0, 'j2_val_y': 0, 'j2_val_x': 0, 'man': 0, 'servo_ñam': 90, 'led': 0}
2023-06-14 10:45:36,577 : DEBUG : Data pult: {'j1_val_y': 0, 'j1_val_x': 0, 'j2_val_y': 0, 'j2_val_x': 0, 'man': 0, 'servo_ñam': 90, 'led': 0}
2023-06-14 10:45:36,678 : DEBUG : Data pult: {'j1_val_y': 0, 'j1_val_x': 0, 'j2_val_y': 0, 'j2_val_x': 0, 'man': 0, 'servo_ñam': 90, 'led': 0}
2023-06-14 10:45:36,779 : DEBUG : Data pult: {'j1_val_y': 0, 'j1_val_x': 0, 'j2_val_y': 0, 'j2_val_x': 0, 'man': 0, 'servo_ñam': 90, 'led': 0}
2023-06-14 10:45:36,881 : DEBUG : Data pult: {'j1_val_y': 0, 'j1_val_x': 0, 'j2_val_y': 0, 'j2_val_x': 0, 'man': 0, 'servo_ñam': 90, 'led': 0}
2023-06-14 10:45:36,981 : DEBUG : Data pult: {'j1_val_y': 0, 'j1_val_x': 0, 'j2_val_y': 0, 'j2_val_x': 0, 'man': 0, 'servo_ñam': 90, 'led': 0}
2023-06-14 10:45:37,083 : DEBUG : Data pult: {'j1_val_y': 0, 'j1_val_x': 0, 'j2_val_y': 0, 'j2_val_x': 0, 'man': 0, 'servo_ñam': 90, 'led': 0}
2023-06-14 10:45:37,184 : DEBUG : Data pult: {'j1_val_y': 0, 'j1_val_x': 0, 'j2_val_y': 0, 'j2_val_x': 0, 'man': 0, 'servo_ñam': 90, 'led': 0}
2023-06-14 10:45:37,285 : DEBUG : Data pult: {'j1_val_y': 0, 'j1_val_x': 0, 'j2_val_y': 0, 'j2_val_x': 0, 'man': 0, 'servo_ñam': 90, 'led': 0}
2023-06-14 10:45:37,385 : DEBUG : Data pult: {'j1_val_y': 0, 'j1_val_x': 0, 'j2_val_y': 0, 'j2_val_x': 0, 'man': 0, 'servo_ñam': 90, 'led': 0}
2023-06-14 10:45:37,486 : DEBUG : Data pult: {'j1_val_y': 0, 'j1_val_x': 0, 'j2_val_y': 0, 'j2_val_x': 0, 'man': 0, 'servo_ñam': 90, 'led': 0}
2023-06-14 10:45:37,587 : DEBUG : Data pult: {'j1_val_y': 0, 'j1_val_x': 0, 'j2_val_y': 0, 'j2_val_x': 0, 'man': 0, 'servo_ñam': 90, 'led': 0}
2023-06-14 10:45:37,688 : DEBUG : Data pult: {'j1_val_y': 0, 'j1_val_x': 0, 'j2_val_y': 0, 'j2_val_x': 0, 'man': 0, 'servo_ñam': 90, 'led': 0}
2023-06-14 10:45:37,788 : DEBUG : Data pult: {'j1_val_y': 0, 'j1_val_x': 0, 'j2_val_y': 0, 'j2_val_x': 0, 'man': 0, 'servo_ñam': 90, 'led': 0}
2023-06-14 10:45:37,890 : DEBUG : Data pult: {'j1_val_y': 0, 'j1_val_x': 0, 'j2_val_y': 0, 'j2_val_x': 0, 'man': 0, 'servo_ñam': 90, 'led': 0}
2023-06-14 10:45:37,990 : DEBUG : Data pult: {'j1_val_y': 0, 'j1_val_x': 0, 'j2_val_y': 0, 'j2_val_x': 0, 'man': 0, 'servo_ñam': 90, 'led': 0}
2023-06-14 10:45:38,091 : DEBUG : Data pult: {'j1_val_y': 0, 'j1_val_x': 0, 'j2_val_y': 0, 'j2_val_x': 0, 'man': 0, 'servo_ñam': 90, 'led': 0}
2023-06-14 10:45:38,192 : DEBUG : Data pult: {'j1_val_y': 0, 'j1_val_x': 0, 'j2_val_y': 0, 'j2_val_x': 0, 'man': 0, 'servo_ñam': 90, 'led': 0}
2023-06-14 10:45:38,294 : DEBUG : Data pult: {'j1_val_y': 0, 'j1_val_x': 0, 'j2_val_y': 0, 'j2_val_x': 0, 'man': 0, 'servo_ñam': 90, 'led': 0}
2023-06-14 10:45:38,395 : DEBUG : Data pult: {'j1_val_y': 0, 'j1_val_x': 0, 'j2_val_y': 0, 'j2_val_x': 0, 'man': 0, 'servo_ñam': 90, 'led': 0}
2023-06-14 10:45:38,498 : DEBUG : Data pult: {'j1_val_y': 0, 'j1_val_x': 0, 'j2_val_y': 0, 'j2_val_x': 0, 'man': 0, 'servo_ñam': 90, 'led': 0}
2023-06-14 10:45:38,599 : DEBUG : Data pult: {'j1_val_y': 0, 'j1_val_x': 0, 'j2_val_y': 0, 'j2_val_x': 0, 'man': 0, 'servo_ñam': 90, 'led': 0}
2023-06-14 10:45:38,701 : DEBUG : Data pult: {'j1_val_y': 0, 'j1_val_x': 0, 'j2_val_y': 0, 'j2_val_x': 0, 'man': 0, 'servo_ñam': 90, 'led': 0}
2023-06-14 10:45:38,801 : DEBUG : Data pult: {'j1_val_y': 0, 'j1_val_x': 0, 'j2_val_y': 0, 'j2_val_x': 0, 'man': 0, 'servo_ñam': 90, 'led': 0}
2023-06-14 10:45:38,902 : DEBUG : Data pult: {'j1_val_y': 0, 'j1_val_x': 0, 'j2_val_y': 0, 'j2_val_x': 0, 'man': 0, 'servo_ñam': 90, 'led': 0}
2023-06-14 10:45:39,003 : DEBUG : Data pult: {'j1_val_y': 0, 'j1_val_x': 0, 'j2_val_y': 0, 'j2_val_x': 0, 'man': 0, 'servo_ñam': 90, 'led': 0}
2023-06-14 10:45:39,103 : DEBUG : Data pult: {'j1_val_y': 0, 'j1_val_x': 0, 'j2_val_y': 0, 'j2_val_x': 0, 'man': 0, 'servo_ñam': 90, 'led': 0}
2023-06-14 10:45:39,204 : DEBUG : Data pult: {'j1_val_y': 0, 'j1_val_x': 0, 'j2_val_y': 0, 'j2_val_x': 0, 'man': 0, 'servo_ñam': 90, 'led': 0}
2023-06-14 10:45:39,305 : DEBUG : Data pult: {'j1_val_y': 0, 'j1_val_x': 0, 'j2_val_y': 0, 'j2_val_x': 0, 'man': 0, 'servo_ñam': 90, 'led': 0}
2023-06-14 10:45:39,406 : DEBUG : Data pult: {'j1_val_y': 0, 'j1_val_x': 0, 'j2_val_y': 0, 'j2_val_x': 0, 'man': 0, 'servo_ñam': 90, 'led': 0}
2023-06-14 10:45:39,508 : DEBUG : Data pult: {'j1_val_y': 0, 'j1_val_x': 0, 'j2_val_y': 0, 'j2_val_x': 0, 'man': 0, 'servo_ñam': 90, 'led': 0}
2023-06-14 10:45:39,608 : DEBUG : Data pult: {'j1_val_y': 0, 'j1_val_x': 0, 'j2_val_y': 0, 'j2_val_x': 0, 'man': 0, 'servo_ñam': 90, 'led': 0}
2023-06-14 10:45:39,710 : DEBUG : Data pult: {'j1_val_y': 0, 'j1_val_x': 0, 'j2_val_y': 0, 'j2_val_x': 0, 'man': 0, 'servo_ñam': 90, 'led': 0}
2023-06-14 10:45:39,811 : DEBUG : Data pult: {'j1_val_y': 0, 'j1_val_x': 0, 'j2_val_y': 0, 'j2_val_x': 0, 'man': 0, 'servo_ñam': 90, 'led': 0}
2023-06-14 10:45:39,912 : DEBUG : Data pult: {'j1_val_y': 0, 'j1_val_x': 0, 'j2_val_y': 0, 'j2_val_x': 0, 'man': 0, 'servo_ñam': 90, 'led': 0}
2023-06-14 10:45:40,013 : DEBUG : Data pult: {'j1_val_y': 0, 'j1_val_x': 0, 'j2_val_y': 0, 'j2_val_x': 0, 'man': 0, 'servo_ñam': 90, 'led': 0}
2023-06-14 10:45:40,114 : DEBUG : Data pult: {'j1_val_y': 0, 'j1_val_x': 0, 'j2_val_y': 0, 'j2_val_x': 0, 'man': 0, 'servo_ñam': 90, 'led': 0}
2023-06-14 10:45:40,214 : DEBUG : Data pult: {'j1_val_y': 0, 'j1_val_x': 0, 'j2_val_y': 0, 'j2_val_x': 0, 'man': 0, 'servo_ñam': 90, 'led': 0}
2023-06-14 10:45:40,315 : DEBUG : Data pult: {'j1_val_y': 0, 'j1_val_x': 0, 'j2_val_y': 0, 'j2_val_x': 0, 'man': 0, 'servo_ñam': 90, 'led': 0}
2023-06-14 10:45:40,416 : DEBUG : Data pult: {'j1_val_y': 0, 'j1_val_x': 0, 'j2_val_y': 0, 'j2_val_x': 0, 'man': 0, 'servo_ñam': 90, 'led': 0}
2023-06-14 10:45:40,516 : DEBUG : Data pult: {'j1_val_y': 0, 'j1_val_x': 0, 'j2_val_y': 0, 'j2_val_x': 0, 'man': 0, 'servo_ñam': 90, 'led': 0}
2023-06-14 10:45:40,617 : DEBUG : Data pult: {'j1_val_y': 0, 'j1_val_x': 0, 'j2_val_y': 0, 'j2_val_x': 0, 'man': 0, 'servo_ñam': 90, 'led': 0}
2023-06-14 10:45:40,718 : DEBUG : Data pult: {'j1_val_y': 0, 'j1_val_x': 0, 'j2_val_y': 0, 'j2_val_x': 0, 'man': 0, 'servo_ñam': 90, 'led': 0}
2023-06-14 10:45:40,819 : DEBUG : Data pult: {'j1_val_y': 0, 'j1_val_x': 0, 'j2_val_y': 0, 'j2_val_x': 0, 'man': 0, 'servo_ñam': 90, 'led': 0}
2023-06-14 10:45:40,921 : DEBUG : Data pult: {'j1_val_y': 0, 'j1_val_x': 0, 'j2_val_y': 0, 'j2_val_x': 0, 'man': 0, 'servo_ñam': 90, 'led': 0}
2023-06-14 10:45:41,021 : DEBUG : Data pult: {'j1_val_y': 0, 'j1_val_x': 0, 'j2_val_y': 0, 'j2_val_x': 0, 'man': 0, 'servo_ñam': 90, 'led': 0}
2023-06-14 10:45:41,123 : DEBUG : Data pult: {'j1_val_y': 0, 'j1_val_x': 0, 'j2_val_y': 0, 'j2_val_x': 0, 'man': 0, 'servo_ñam': 90, 'led': 0}
2023-06-14 10:45:41,228 : DEBUG : Data pult: {'j1_val_y': 0, 'j1_val_x': 0, 'j2_val_y': 0, 'j2_val_x': 0, 'man': 0, 'servo_ñam': 90, 'led': 0}
2023-06-14 10:45:41,329 : DEBUG : Data pult: {'j1_val_y': 0, 'j1_val_x': 0, 'j2_val_y': 0, 'j2_val_x': 0, 'man': 0, 'servo_ñam': 90, 'led': 0}
2023-06-14 10:45:41,431 : DEBUG : Data pult: {'j1_val_y': 0, 'j1_val_x': 0, 'j2_val_y': 0, 'j2_val_x': 0, 'man': 0, 'servo_ñam': 90, 'led': 0}
2023-06-14 10:45:41,531 : DEBUG : Data pult: {'j1_val_y': 0, 'j1_val_x': 0, 'j2_val_y': 0, 'j2_val_x': 0, 'man': 0, 'servo_ñam': 90, 'led': 0}
2023-06-14 10:45:41,632 : DEBUG : Data pult: {'j1_val_y': 0, 'j1_val_x': 0, 'j2_val_y': 0, 'j2_val_x': 0, 'man': 0, 'servo_ñam': 90, 'led': 0}
2023-06-14 10:45:41,733 : DEBUG : Data pult: {'j1_val_y': 0, 'j1_val_x': 0, 'j2_val_y': 0, 'j2_val_x': 0, 'man': 0, 'servo_ñam': 90, 'led': 0}
2023-06-14 10:45:41,835 : DEBUG : Data pult: {'j1_val_y': 0, 'j1_val_x': 0, 'j2_val_y': 0, 'j2_val_x': 0, 'man': 0, 'servo_ñam': 90, 'led': 0}
2023-06-14 10:45:41,935 : DEBUG : Data pult: {'j1_val_y': 0, 'j1_val_x': 0, 'j2_val_y': 0, 'j2_val_x': 0, 'man': 0, 'servo_ñam': 90, 'led': 0}
2023-06-14 10:45:42,036 : DEBUG : Data pult: {'j1_val_y': 0, 'j1_val_x': 0, 'j2_val_y': 0, 'j2_val_x': 0, 'man': 0, 'servo_ñam': 90, 'led': 0}
2023-06-14 10:45:42,137 : DEBUG : Data pult: {'j1_val_y': 0, 'j1_val_x': 0, 'j2_val_y': 0, 'j2_val_x': 0, 'man': 0, 'servo_ñam': 90, 'led': 0}
2023-06-14 10:45:42,237 : DEBUG : Data pult: {'j1_val_y': 0, 'j1_val_x': 0, 'j2_val_y': 0, 'j2_val_x': 0, 'man': 0, 'servo_ñam': 90, 'led': 0}
2023-06-14 10:45:42,339 : DEBUG : Data pult: {'j1_val_y': 0, 'j1_val_x': 0, 'j2_val_y': 0, 'j2_val_x': 0, 'man': 0, 'servo_ñam': 90, 'led': 0}
2023-06-14 10:45:42,439 : DEBUG : Data pult: {'j1_val_y': 0, 'j1_val_x': 0, 'j2_val_y': 0, 'j2_val_x': 0, 'man': 0, 'servo_ñam': 90, 'led': 0}
2023-06-14 10:45:42,541 : DEBUG : Data pult: {'j1_val_y': 0, 'j1_val_x': 0, 'j2_val_y': 14089, 'j2_val_x': 0, 'man': 0, 'servo_ñam': 90, 'led': 0}
2023-06-14 10:45:42,642 : DEBUG : Data pult: {'j1_val_y': 0, 'j1_val_x': 0, 'j2_val_y': 15728, 'j2_val_x': 0, 'man': 0, 'servo_ñam': 90, 'led': 0}
2023-06-14 10:45:42,743 : DEBUG : Data pult: {'j1_val_y': 0, 'j1_val_x': 0, 'j2_val_y': 15728, 'j2_val_x': 0, 'man': 0, 'servo_ñam': 90, 'led': 0}
2023-06-14 10:45:42,843 : DEBUG : Data pult: {'j1_val_y': 0, 'j1_val_x': 0, 'j2_val_y': 23592, 'j2_val_x': 0, 'man': 0, 'servo_ñam': 90, 'led': 0}
2023-06-14 10:45:42,944 : DEBUG : Data pult: {'j1_val_y': 0, 'j1_val_x': 0, 'j2_val_y': 26541, 'j2_val_x': 0, 'man': 0, 'servo_ñam': 90, 'led': 0}
2023-06-14 10:45:43,044 : DEBUG : Data pult: {'j1_val_y': 0, 'j1_val_x': 0, 'j2_val_y': 26541, 'j2_val_x': 0, 'man': 0, 'servo_ñam': 90, 'led': 0}
2023-06-14 10:45:43,145 : DEBUG : Data pult: {'j1_val_y': 0, 'j1_val_x': 0, 'j2_val_y': 27851, 'j2_val_x': 0, 'man': 0, 'servo_ñam': 90, 'led': 0}
2023-06-14 10:45:43,246 : DEBUG : Data pult: {'j1_val_y': 0, 'j1_val_x': 0, 'j2_val_y': 32767, 'j2_val_x': 0, 'man': 0, 'servo_ñam': 90, 'led': 0}
2023-06-14 10:45:43,346 : DEBUG : Data pult: {'j1_val_y': 0, 'j1_val_x': 0, 'j2_val_y': 32767, 'j2_val_x': 0, 'man': 0, 'servo_ñam': 90, 'led': 0}
2023-06-14 10:45:43,448 : DEBUG : Data pult: {'j1_val_y': 0, 'j1_val_x': 0, 'j2_val_y': 32767, 'j2_val_x': 0, 'man': 0, 'servo_ñam': 90, 'led': 0}
2023-06-14 10:45:43,549 : DEBUG : Data pult: {'j1_val_y': 0, 'j1_val_x': 0, 'j2_val_y': 22281, 'j2_val_x': 0, 'man': 0, 'servo_ñam': 90, 'led': 0}
2023-06-14 10:45:43,650 : DEBUG : Data pult: {'j1_val_y': 0, 'j1_val_x': 0, 'j2_val_y': 0, 'j2_val_x': 0, 'man': 0, 'servo_ñam': 90, 'led': 0}
2023-06-14 10:45:43,751 : DEBUG : Data pult: {'j1_val_y': 0, 'j1_val_x': 0, 'j2_val_y': 0, 'j2_val_x': 0, 'man': 0, 'servo_ñam': 90, 'led': 0}
2023-06-14 10:45:43,852 : DEBUG : Data pult: {'j1_val_y': 0, 'j1_val_x': 0, 'j2_val_y': 0, 'j2_val_x': 0, 'man': 0, 'servo_ñam': 90, 'led': 0}
2023-06-14 10:45:43,954 : DEBUG : Data pult: {'j1_val_y': 0, 'j1_val_x': 0, 'j2_val_y': 0, 'j2_val_x': 0, 'man': 0, 'servo_ñam': 90, 'led': 0}
2023-06-14 10:45:44,055 : DEBUG : Data pult: {'j1_val_y': 0, 'j1_val_x': 0, 'j2_val_y': -9830, 'j2_val_x': 0, 'man': 0, 'servo_ñam': 90, 'led': 0}
2023-06-14 10:45:44,156 : DEBUG : Data pult: {'j1_val_y': 0, 'j1_val_x': 0, 'j2_val_y': -32111, 'j2_val_x': 0, 'man': 0, 'servo_ñam': 90, 'led': 0}
2023-06-14 10:45:44,256 : DEBUG : Data pult: {'j1_val_y': 0, 'j1_val_x': 0, 'j2_val_y': -32111, 'j2_val_x': 0, 'man': 0, 'servo_ñam': 90, 'led': 0}
2023-06-14 10:45:44,358 : DEBUG : Data pult: {'j1_val_y': 0, 'j1_val_x': 0, 'j2_val_y': 0, 'j2_val_x': 0, 'man': 0, 'servo_ñam': 90, 'led': 0}
2023-06-14 10:45:44,459 : DEBUG : Data pult: {'j1_val_y': 0, 'j1_val_x': 0, 'j2_val_y': 0, 'j2_val_x': 0, 'man': 0, 'servo_ñam': 90, 'led': 0}
2023-06-14 10:45:44,560 : DEBUG : Data pult: {'j1_val_y': 0, 'j1_val_x': 0, 'j2_val_y': 0, 'j2_val_x': 0, 'man': 0, 'servo_ñam': 90, 'led': 0}
2023-06-14 10:45:44,661 : DEBUG : Data pult: {'j1_val_y': 0, 'j1_val_x': 0, 'j2_val_y': 0, 'j2_val_x': 0, 'man': 0, 'servo_ñam': 90, 'led': 0}
2023-06-14 10:45:44,762 : DEBUG : Data pult: {'j1_val_y': 0, 'j1_val_x': 0, 'j2_val_y': 0, 'j2_val_x': 0, 'man': 0, 'servo_ñam': 90, 'led': 0}
2023-06-14 10:45:44,863 : DEBUG : Data pult: {'j1_val_y': 0, 'j1_val_x': 0, 'j2_val_y': 0, 'j2_val_x': 0, 'man': 0, 'servo_ñam': 90, 'led': 0}
2023-06-14 10:45:44,963 : DEBUG : Data pult: {'j1_val_y': 0, 'j1_val_x': 0, 'j2_val_y': 0, 'j2_val_x': 0, 'man': 0, 'servo_ñam': 90, 'led': 0}
2023-06-14 10:45:45,064 : DEBUG : Data pult: {'j1_val_y': 0, 'j1_val_x': 0, 'j2_val_y': 0, 'j2_val_x': 0, 'man': 0, 'servo_ñam': 90, 'led': 0}
2023-06-14 10:45:45,165 : DEBUG : Data pult: {'j1_val_y': 0, 'j1_val_x': 0, 'j2_val_y': 0, 'j2_val_x': 0, 'man': 0, 'servo_ñam': 90, 'led': 0}
2023-06-14 10:45:45,266 : DEBUG : Data pult: {'j1_val_y': 0, 'j1_val_x': 0, 'j2_val_y': 0, 'j2_val_x': 0, 'man': 0, 'servo_ñam': 90, 'led': 0}
2023-06-14 10:45:45,366 : DEBUG : Data pult: {'j1_val_y': 0, 'j1_val_x': 0, 'j2_val_y': 0, 'j2_val_x': 0, 'man': 0, 'servo_ñam': 90, 'led': 0}
2023-06-14 10:45:45,467 : DEBUG : Data pult: {'j1_val_y': 0, 'j1_val_x': 0, 'j2_val_y': 0, 'j2_val_x': 0, 'man': 0, 'servo_ñam': 90, 'led': 0}
2023-06-14 10:45:45,568 : DEBUG : Data pult: {'j1_val_y': 0, 'j1_val_x': 0, 'j2_val_y': 0, 'j2_val_x': 0, 'man': 0, 'servo_ñam': 90, 'led': 0}
2023-06-14 10:45:45,669 : DEBUG : Data pult: {'j1_val_y': 0, 'j1_val_x': 0, 'j2_val_y': 0, 'j2_val_x': 0, 'man': 0, 'servo_ñam': 90, 'led': 0}
2023-06-14 10:45:45,771 : DEBUG : Data pult: {'j1_val_y': 0, 'j1_val_x': 0, 'j2_val_y': 0, 'j2_val_x': 0, 'man': 0, 'servo_ñam': 90, 'led': 0}
2023-06-14 10:45:45,872 : DEBUG : Data pult: {'j1_val_y': 0, 'j1_val_x': 0, 'j2_val_y': 0, 'j2_val_x': 0, 'man': 0, 'servo_ñam': 90, 'led': 0}
2023-06-14 10:45:45,973 : DEBUG : Data pult: {'j1_val_y': 0, 'j1_val_x': 0, 'j2_val_y': 0, 'j2_val_x': 0, 'man': 0, 'servo_ñam': 90, 'led': 0}
2023-06-14 10:45:46,073 : DEBUG : Data pult: {'j1_val_y': 0, 'j1_val_x': 0, 'j2_val_y': 0, 'j2_val_x': 0, 'man': 0, 'servo_ñam': 90, 'led': 0}
2023-06-14 10:45:46,174 : DEBUG : Data pult: {'j1_val_y': 0, 'j1_val_x': 0, 'j2_val_y': 0, 'j2_val_x': 0, 'man': 0, 'servo_ñam': 90, 'led': 0}
2023-06-14 10:45:46,275 : DEBUG : Data pult: {'j1_val_y': 0, 'j1_val_x': 0, 'j2_val_y': 0, 'j2_val_x': 0, 'man': 0, 'servo_ñam': 90, 'led': 0}
2023-06-14 10:45:46,376 : DEBUG : Data pult: {'j1_val_y': 0, 'j1_val_x': 0, 'j2_val_y': 0, 'j2_val_x': 0, 'man': 0, 'servo_ñam': 90, 'led': 0}
2023-06-14 10:45:46,476 : DEBUG : Data pult: {'j1_val_y': 0, 'j1_val_x': 0, 'j2_val_y': 32767, 'j2_val_x': 0, 'man': 0, 'servo_ñam': 90, 'led': 0}
2023-06-14 10:45:46,577 : DEBUG : Data pult: {'j1_val_y': 0, 'j1_val_x': 0, 'j2_val_y': 32767, 'j2_val_x': 0, 'man': 0, 'servo_ñam': 90, 'led': 0}
2023-06-14 10:45:46,678 : DEBUG : Data pult: {'j1_val_y': 0, 'j1_val_x': 0, 'j2_val_y': 32767, 'j2_val_x': 0, 'man': 0, 'servo_ñam': 90, 'led': 0}
2023-06-14 10:45:46,779 : DEBUG : Data pult: {'j1_val_y': 0, 'j1_val_x': 0, 'j2_val_y': 32767, 'j2_val_x': 0, 'man': 0, 'servo_ñam': 90, 'led': 0}
2023-06-14 10:45:46,880 : DEBUG : Data pult: {'j1_val_y': 0, 'j1_val_x': 0, 'j2_val_y': 32767, 'j2_val_x': 0, 'man': 0, 'servo_ñam': 90, 'led': 0}
2023-06-14 10:45:46,982 : DEBUG : Data pult: {'j1_val_y': 0, 'j1_val_x': 0, 'j2_val_y': 32767, 'j2_val_x': 0, 'man': 0, 'servo_ñam': 90, 'led': 0}
2023-06-14 10:45:47,083 : DEBUG : Data pult: {'j1_val_y': 0, 'j1_val_x': 0, 'j2_val_y': 32767, 'j2_val_x': 0, 'man': 0, 'servo_ñam': 90, 'led': 0}
2023-06-14 10:45:47,184 : DEBUG : Data pult: {'j1_val_y': 0, 'j1_val_x': 0, 'j2_val_y': 32767, 'j2_val_x': 0, 'man': 0, 'servo_ñam': 90, 'led': 0}
2023-06-14 10:45:47,284 : DEBUG : Data pult: {'j1_val_y': 0, 'j1_val_x': 0, 'j2_val_y': 32767, 'j2_val_x': 0, 'man': 0, 'servo_ñam': 90, 'led': 0}
2023-06-14 10:45:47,385 : DEBUG : Data pult: {'j1_val_y': 0, 'j1_val_x': 0, 'j2_val_y': 32767, 'j2_val_x': 0, 'man': 0, 'servo_ñam': 90, 'led': 0}
2023-06-14 10:45:47,486 : DEBUG : Data pult: {'j1_val_y': 0, 'j1_val_x': 0, 'j2_val_y': 0, 'j2_val_x': 0, 'man': 0, 'servo_ñam': 90, 'led': 0}
2023-06-14 10:45:47,587 : DEBUG : Data pult: {'j1_val_y': 0, 'j1_val_x': 0, 'j2_val_y': 0, 'j2_val_x': 0, 'man': 0, 'servo_ñam': 90, 'led': 0}
2023-06-14 10:45:47,688 : DEBUG : Data pult: {'j1_val_y': 0, 'j1_val_x': 0, 'j2_val_y': 0, 'j2_val_x': 0, 'man': 0, 'servo_ñam': 90, 'led': 0}
2023-06-14 10:45:47,789 : DEBUG : Data pult: {'j1_val_y': 0, 'j1_val_x': 0, 'j2_val_y': 0, 'j2_val_x': 0, 'man': 0, 'servo_ñam': 90, 'led': 0}
2023-06-14 10:45:47,889 : DEBUG : Data pult: {'j1_val_y': 0, 'j1_val_x': 0, 'j2_val_y': 0, 'j2_val_x': 0, 'man': 0, 'servo_ñam': 90, 'led': 0}
2023-06-14 10:45:47,991 : DEBUG : Data pult: {'j1_val_y': 0, 'j1_val_x': 0, 'j2_val_y': 0, 'j2_val_x': 0, 'man': 0, 'servo_ñam': 90, 'led': 0}
2023-06-14 10:45:48,093 : DEBUG : Data pult: {'j1_val_y': 0, 'j1_val_x': 0, 'j2_val_y': -24575, 'j2_val_x': 0, 'man': 0, 'servo_ñam': 90, 'led': 0}
2023-06-14 10:45:48,195 : DEBUG : Data pult: {'j1_val_y': 0, 'j1_val_x': 0, 'j2_val_y': -27524, 'j2_val_x': 0, 'man': 0, 'servo_ñam': 90, 'led': 0}
2023-06-14 10:45:48,296 : DEBUG : Data pult: {'j1_val_y': 0, 'j1_val_x': 0, 'j2_val_y': -28834, 'j2_val_x': 0, 'man': 0, 'servo_ñam': 90, 'led': 0}
2023-06-14 10:45:48,397 : DEBUG : Data pult: {'j1_val_y': 0, 'j1_val_x': 0, 'j2_val_y': -28834, 'j2_val_x': 0, 'man': 0, 'servo_ñam': 90, 'led': 0}
2023-06-14 10:45:48,497 : DEBUG : Data pult: {'j1_val_y': 0, 'j1_val_x': 0, 'j2_val_y': -28507, 'j2_val_x': 0, 'man': 0, 'servo_ñam': 90, 'led': 0}
2023-06-14 10:45:48,599 : DEBUG : Data pult: {'j1_val_y': 0, 'j1_val_x': 0, 'j2_val_y': -27851, 'j2_val_x': 0, 'man': 0, 'servo_ñam': 90, 'led': 0}
2023-06-14 10:45:48,700 : DEBUG : Data pult: {'j1_val_y': 0, 'j1_val_x': 0, 'j2_val_y': -26213, 'j2_val_x': 0, 'man': 0, 'servo_ñam': 90, 'led': 0}
2023-06-14 10:45:48,801 : DEBUG : Data pult: {'j1_val_y': 0, 'j1_val_x': 0, 'j2_val_y': -24902, 'j2_val_x': 0, 'man': 0, 'servo_ñam': 90, 'led': 0}
2023-06-14 10:45:48,903 : DEBUG : Data pult: {'j1_val_y': 0, 'j1_val_x': 0, 'j2_val_y': -22936, 'j2_val_x': 0, 'man': 0, 'servo_ñam': 90, 'led': 0}
2023-06-14 10:45:49,004 : DEBUG : Data pult: {'j1_val_y': 0, 'j1_val_x': 0, 'j2_val_y': -22936, 'j2_val_x': 0, 'man': 0, 'servo_ñam': 90, 'led': 0}
2023-06-14 10:45:49,104 : DEBUG : Data pult: {'j1_val_y': 0, 'j1_val_x': 0, 'j2_val_y': -21953, 'j2_val_x': 0, 'man': 0, 'servo_ñam': 90, 'led': 0}
2023-06-14 10:45:49,205 : DEBUG : Data pult: {'j1_val_y': 0, 'j1_val_x': 0, 'j2_val_y': -20315, 'j2_val_x': 0, 'man': 0, 'servo_ñam': 90, 'led': 0}
2023-06-14 10:45:49,306 : DEBUG : Data pult: {'j1_val_y': 0, 'j1_val_x': 0, 'j2_val_y': -13434, 'j2_val_x': 0, 'man': 0, 'servo_ñam': 90, 'led': 0}
2023-06-14 10:45:49,408 : DEBUG : Data pult: {'j1_val_y': 0, 'j1_val_x': 0, 'j2_val_y': -10813, 'j2_val_x': 0, 'man': 0, 'servo_ñam': 90, 'led': 0}
2023-06-14 10:45:49,509 : DEBUG : Data pult: {'j1_val_y': 0, 'j1_val_x': 0, 'j2_val_y': 0, 'j2_val_x': 0, 'man': 0, 'servo_ñam': 90, 'led': 0}
2023-06-14 10:45:49,610 : DEBUG : Data pult: {'j1_val_y': 0, 'j1_val_x': 0, 'j2_val_y': 0, 'j2_val_x': 0, 'man': 0, 'servo_ñam': 90, 'led': 0}
2023-06-14 10:45:49,711 : DEBUG : Data pult: {'j1_val_y': 0, 'j1_val_x': 0, 'j2_val_y': 0, 'j2_val_x': 0, 'man': 0, 'servo_ñam': 90, 'led': 0}
2023-06-14 10:45:49,812 : DEBUG : Data pult: {'j1_val_y': 0, 'j1_val_x': 0, 'j2_val_y': 0, 'j2_val_x': 0, 'man': 0, 'servo_ñam': 90, 'led': 0}
2023-06-14 10:45:49,914 : DEBUG : Data pult: {'j1_val_y': 0, 'j1_val_x': 0, 'j2_val_y': 0, 'j2_val_x': 0, 'man': 0, 'servo_ñam': 90, 'led': 0}
2023-06-14 10:45:50,015 : DEBUG : Data pult: {'j1_val_y': 0, 'j1_val_x': 0, 'j2_val_y': 0, 'j2_val_x': 0, 'man': 0, 'servo_ñam': 90, 'led': 0}
2023-06-14 10:45:50,115 : DEBUG : Data pult: {'j1_val_y': 0, 'j1_val_x': 0, 'j2_val_y': 0, 'j2_val_x': 0, 'man': 0, 'servo_ñam': 90, 'led': 0}
2023-06-14 10:45:50,216 : DEBUG : Data pult: {'j1_val_y': 0, 'j1_val_x': 0, 'j2_val_y': 0, 'j2_val_x': 0, 'man': 0, 'servo_ñam': 90, 'led': 0}
2023-06-14 10:45:50,317 : DEBUG : Data pult: {'j1_val_y': 0, 'j1_val_x': 0, 'j2_val_y': 0, 'j2_val_x': 0, 'man': 0, 'servo_ñam': 90, 'led': 0}
2023-06-14 10:45:50,418 : DEBUG : Data pult: {'j1_val_y': 0, 'j1_val_x': 0, 'j2_val_y': 29490, 'j2_val_x': 0, 'man': 0, 'servo_ñam': 90, 'led': 0}
2023-06-14 10:45:50,518 : DEBUG : Data pult: {'j1_val_y': 0, 'j1_val_x': 0, 'j2_val_y': 29490, 'j2_val_x': 0, 'man': 0, 'servo_ñam': 90, 'led': 0}
2023-06-14 10:45:50,620 : DEBUG : Data pult: {'j1_val_y': 0, 'j1_val_x': 0, 'j2_val_y': 29490, 'j2_val_x': 0, 'man': 0, 'servo_ñam': 90, 'led': 0}
2023-06-14 10:45:50,721 : DEBUG : Data pult: {'j1_val_y': 0, 'j1_val_x': 0, 'j2_val_y': 29162, 'j2_val_x': 0, 'man': 0, 'servo_ñam': 90, 'led': 0}
2023-06-14 10:45:50,822 : DEBUG : Data pult: {'j1_val_y': 0, 'j1_val_x': 0, 'j2_val_y': 12779, 'j2_val_x': 0, 'man': 0, 'servo_ñam': 90, 'led': 0}
2023-06-14 10:45:50,922 : DEBUG : Data pult: {'j1_val_y': 0, 'j1_val_x': 0, 'j2_val_y': 0, 'j2_val_x': 0, 'man': 0, 'servo_ñam': 90, 'led': 0}
2023-06-14 10:45:51,024 : DEBUG : Data pult: {'j1_val_y': 0, 'j1_val_x': 0, 'j2_val_y': 0, 'j2_val_x': 0, 'man': 0, 'servo_ñam': 90, 'led': 0}
2023-06-14 10:45:51,125 : DEBUG : Data pult: {'j1_val_y': 0, 'j1_val_x': 0, 'j2_val_y': 0, 'j2_val_x': 0, 'man': 0, 'servo_ñam': 90, 'led': 0}
2023-06-14 10:45:51,225 : DEBUG : Data pult: {'j1_val_y': 0, 'j1_val_x': 0, 'j2_val_y': 0, 'j2_val_x': 0, 'man': 0, 'servo_ñam': 90, 'led': 0}
2023-06-14 10:45:51,327 : DEBUG : Data pult: {'j1_val_y': 0, 'j1_val_x': 0, 'j2_val_y': 0, 'j2_val_x': 0, 'man': 0, 'servo_ñam': 90, 'led': 0}
2023-06-14 10:45:51,428 : DEBUG : Data pult: {'j1_val_y': 0, 'j1_val_x': 0, 'j2_val_y': 0, 'j2_val_x': 0, 'man': 0, 'servo_ñam': 90, 'led': 0}
2023-06-14 10:45:51,529 : DEBUG : Data pult: {'j1_val_y': 0, 'j1_val_x': 0, 'j2_val_y': 0, 'j2_val_x': 0, 'man': 0, 'servo_ñam': 90, 'led': 0}
2023-06-14 10:45:51,629 : DEBUG : Data pult: {'j1_val_y': 0, 'j1_val_x': 0, 'j2_val_y': 14417, 'j2_val_x': 0, 'man': 0, 'servo_ñam': 90, 'led': 0}
2023-06-14 10:45:51,731 : DEBUG : Data pult: {'j1_val_y': 0, 'j1_val_x': 0, 'j2_val_y': 23592, 'j2_val_x': 0, 'man': 0, 'servo_ñam': 90, 'led': 0}
2023-06-14 10:45:51,832 : DEBUG : Data pult: {'j1_val_y': 0, 'j1_val_x': 0, 'j2_val_y': 23592, 'j2_val_x': 0, 'man': 0, 'servo_ñam': 90, 'led': 0}
2023-06-14 10:45:51,933 : DEBUG : Data pult: {'j1_val_y': 0, 'j1_val_x': 0, 'j2_val_y': 0, 'j2_val_x': 0, 'man': 0, 'servo_ñam': 90, 'led': 0}
2023-06-14 10:45:52,034 : DEBUG : Data pult: {'j1_val_y': 0, 'j1_val_x': 0, 'j2_val_y': 0, 'j2_val_x': 0, 'man': 0, 'servo_ñam': 90, 'led': 0}
2023-06-14 10:45:52,136 : DEBUG : Data pult: {'j1_val_y': 0, 'j1_val_x': 0, 'j2_val_y': 0, 'j2_val_x': 0, 'man': 0, 'servo_ñam': 90, 'led': 0}
2023-06-14 10:45:52,236 : DEBUG : Data pult: {'j1_val_y': 0, 'j1_val_x': 0, 'j2_val_y': 0, 'j2_val_x': 0, 'man': 0, 'servo_ñam': 90, 'led': 0}
2023-06-14 10:45:52,337 : DEBUG : Data pult: {'j1_val_y': 0, 'j1_val_x': 0, 'j2_val_y': 0, 'j2_val_x': 0, 'man': 0, 'servo_ñam': 90, 'led': 0}
2023-06-14 10:45:52,438 : DEBUG : Data pult: {'j1_val_y': 0, 'j1_val_x': 0, 'j2_val_y': 0, 'j2_val_x': 0, 'man': 0, 'servo_ñam': 90, 'led': 0}
2023-06-14 10:45:52,539 : DEBUG : Data pult: {'j1_val_y': 0, 'j1_val_x': 0, 'j2_val_y': 0, 'j2_val_x': 0, 'man': 0, 'servo_ñam': 90, 'led': 0}
2023-06-14 10:45:52,639 : DEBUG : Data pult: {'j1_val_y': 0, 'j1_val_x': 0, 'j2_val_y': 0, 'j2_val_x': 0, 'man': 0, 'servo_ñam': 90, 'led': 0}
2023-06-14 10:45:52,741 : DEBUG : Data pult: {'j1_val_y': 0, 'j1_val_x': 0, 'j2_val_y': 0, 'j2_val_x': 0, 'man': 0, 'servo_ñam': 90, 'led': 0}
2023-06-14 10:45:52,843 : DEBUG : Data pult: {'j1_val_y': 0, 'j1_val_x': 0, 'j2_val_y': 0, 'j2_val_x': 0, 'man': 0, 'servo_ñam': 90, 'led': 0}
2023-06-14 10:45:52,944 : DEBUG : Data pult: {'j1_val_y': 0, 'j1_val_x': 0, 'j2_val_y': 0, 'j2_val_x': 0, 'man': 0, 'servo_ñam': 90, 'led': 0}
2023-06-14 10:45:53,045 : DEBUG : Data pult: {'j1_val_y': 0, 'j1_val_x': 0, 'j2_val_y': 0, 'j2_val_x': 0, 'man': 0, 'servo_ñam': 90, 'led': 0}
2023-06-14 10:45:53,145 : DEBUG : Data pult: {'j1_val_y': 0, 'j1_val_x': 0, 'j2_val_y': 0, 'j2_val_x': 0, 'man': 0, 'servo_ñam': 90, 'led': 0}
2023-06-14 10:45:53,246 : DEBUG : Data pult: {'j1_val_y': 0, 'j1_val_x': 0, 'j2_val_y': 0, 'j2_val_x': 0, 'man': 0, 'servo_ñam': 90, 'led': 0}
2023-06-14 10:45:53,347 : DEBUG : Data pult: {'j1_val_y': 0, 'j1_val_x': 0, 'j2_val_y': 0, 'j2_val_x': 0, 'man': 0, 'servo_ñam': 90, 'led': 0}
2023-06-14 10:45:53,448 : DEBUG : Data pult: {'j1_val_y': 0, 'j1_val_x': 0, 'j2_val_y': 0, 'j2_val_x': 0, 'man': 0, 'servo_ñam': 90, 'led': 0}
2023-06-14 10:45:53,550 : DEBUG : Data pult: {'j1_val_y': 0, 'j1_val_x': 0, 'j2_val_y': 0, 'j2_val_x': 0, 'man': 0, 'servo_ñam': 90, 'led': 0}
2023-06-14 10:45:53,651 : DEBUG : Data pult: {'j1_val_y': 0, 'j1_val_x': 0, 'j2_val_y': 0, 'j2_val_x': 0, 'man': 0, 'servo_ñam': 90, 'led': 0}
2023-06-14 10:45:53,751 : DEBUG : Data pult: {'j1_val_y': 0, 'j1_val_x': 0, 'j2_val_y': 0, 'j2_val_x': 0, 'man': 0, 'servo_ñam': 90, 'led': 0}
2023-06-14 10:45:53,852 : DEBUG : Data pult: {'j1_val_y': 0, 'j1_val_x': 0, 'j2_val_y': 0, 'j2_val_x': 0, 'man': 0, 'servo_ñam': 90, 'led': 0}
2023-06-14 10:45:53,954 : DEBUG : Data pult: {'j1_val_y': 0, 'j1_val_x': 0, 'j2_val_y': 0, 'j2_val_x': 0, 'man': 0, 'servo_ñam': 90, 'led': 0}
2023-06-14 10:45:54,055 : DEBUG : Data pult: {'j1_val_y': 0, 'j1_val_x': 0, 'j2_val_y': 0, 'j2_val_x': 0, 'man': 0, 'servo_ñam': 90, 'led': 0}
2023-06-14 10:45:54,156 : DEBUG : Data pult: {'j1_val_y': 0, 'j1_val_x': 0, 'j2_val_y': 0, 'j2_val_x': 0, 'man': 0, 'servo_ñam': 90, 'led': 0}
2023-06-14 10:45:54,258 : DEBUG : Data pult: {'j1_val_y': 0, 'j1_val_x': 0, 'j2_val_y': 0, 'j2_val_x': 0, 'man': 0, 'servo_ñam': 90, 'led': 0}
2023-06-14 10:45:54,359 : DEBUG : Data pult: {'j1_val_y': 0, 'j1_val_x': 0, 'j2_val_y': 0, 'j2_val_x': 0, 'man': 0, 'servo_ñam': 90, 'led': 0}
2023-06-14 10:45:54,460 : DEBUG : Data pult: {'j1_val_y': 0, 'j1_val_x': 0, 'j2_val_y': 0, 'j2_val_x': 0, 'man': 0, 'servo_ñam': 90, 'led': 0}
2023-06-14 10:45:54,561 : DEBUG : Data pult: {'j1_val_y': 0, 'j1_val_x': 0, 'j2_val_y': 0, 'j2_val_x': 0, 'man': 0, 'servo_ñam': 90, 'led': 0}
2023-06-14 10:45:54,662 : DEBUG : Data pult: {'j1_val_y': 0, 'j1_val_x': 0, 'j2_val_y': 0, 'j2_val_x': 0, 'man': 0, 'servo_ñam': 90, 'led': 0}
2023-06-14 10:45:54,762 : DEBUG : Data pult: {'j1_val_y': 0, 'j1_val_x': 0, 'j2_val_y': 0, 'j2_val_x': 0, 'man': 0, 'servo_ñam': 90, 'led': 0}
2023-06-14 10:45:54,864 : DEBUG : Data pult: {'j1_val_y': 0, 'j1_val_x': 0, 'j2_val_y': 0, 'j2_val_x': 0, 'man': 0, 'servo_ñam': 90, 'led': 0}
2023-06-14 10:45:54,964 : DEBUG : Data pult: {'j1_val_y': 0, 'j1_val_x': 0, 'j2_val_y': 0, 'j2_val_x': 0, 'man': 0, 'servo_ñam': 90, 'led': 0}
2023-06-14 10:45:55,065 : DEBUG : Data pult: {'j1_val_y': 0, 'j1_val_x': 0, 'j2_val_y': 0, 'j2_val_x': 0, 'man': 0, 'servo_ñam': 90, 'led': 0}
2023-06-14 10:45:55,166 : DEBUG : Data pult: {'j1_val_y': 0, 'j1_val_x': 0, 'j2_val_y': 0, 'j2_val_x': 0, 'man': 0, 'servo_ñam': 90, 'led': 0}
2023-06-14 10:45:55,267 : DEBUG : Data pult: {'j1_val_y': 0, 'j1_val_x': 0, 'j2_val_y': 0, 'j2_val_x': 0, 'man': 0, 'servo_ñam': 90, 'led': 0}
2023-06-14 10:45:55,367 : DEBUG : Data pult: {'j1_val_y': 0, 'j1_val_x': 0, 'j2_val_y': 0, 'j2_val_x': 0, 'man': 0, 'servo_ñam': 90, 'led': 0}
2023-06-14 10:45:55,469 : DEBUG : Data pult: {'j1_val_y': 0, 'j1_val_x': 0, 'j2_val_y': 0, 'j2_val_x': 0, 'man': 0, 'servo_ñam': 90, 'led': 0}
2023-06-14 10:45:55,571 : DEBUG : Data pult: {'j1_val_y': 0, 'j1_val_x': 0, 'j2_val_y': 0, 'j2_val_x': 0, 'man': 0, 'servo_ñam': 90, 'led': 0}
2023-06-14 10:45:55,671 : DEBUG : Data pult: {'j1_val_y': 0, 'j1_val_x': 0, 'j2_val_y': 0, 'j2_val_x': 0, 'man': 0, 'servo_ñam': 90, 'led': 0}
2023-06-14 10:45:55,773 : DEBUG : Data pult: {'j1_val_y': 0, 'j1_val_x': 0, 'j2_val_y': 0, 'j2_val_x': 0, 'man': 0, 'servo_ñam': 90, 'led': 0}
2023-06-14 10:45:55,874 : DEBUG : Data pult: {'j1_val_y': 0, 'j1_val_x': 0, 'j2_val_y': 0, 'j2_val_x': 0, 'man': 0, 'servo_ñam': 90, 'led': 0}
2023-06-14 10:45:55,974 : DEBUG : Data pult: {'j1_val_y': 0, 'j1_val_x': 0, 'j2_val_y': 0, 'j2_val_x': 0, 'man': 0, 'servo_ñam': 90, 'led': 0}
2023-06-14 10:45:56,076 : DEBUG : Data pult: {'j1_val_y': 0, 'j1_val_x': 0, 'j2_val_y': 0, 'j2_val_x': 0, 'man': 0, 'servo_ñam': 90, 'led': 0}
2023-06-14 10:45:56,176 : DEBUG : Data pult: {'j1_val_y': 0, 'j1_val_x': 0, 'j2_val_y': 0, 'j2_val_x': 0, 'man': 0, 'servo_ñam': 90, 'led': 0}
2023-06-14 10:45:56,277 : DEBUG : Data pult: {'j1_val_y': 0, 'j1_val_x': 0, 'j2_val_y': 0, 'j2_val_x': 0, 'man': 0, 'servo_ñam': 90, 'led': 0}
2023-06-14 10:45:56,378 : DEBUG : Data pult: {'j1_val_y': 0, 'j1_val_x': 0, 'j2_val_y': 0, 'j2_val_x': 0, 'man': 0, 'servo_ñam': 90, 'led': 0}
2023-06-14 10:45:56,479 : DEBUG : Data pult: {'j1_val_y': 0, 'j1_val_x': 0, 'j2_val_y': 0, 'j2_val_x': 0, 'man': 0, 'servo_ñam': 90, 'led': 0}
2023-06-14 10:45:56,581 : DEBUG : Data pult: {'j1_val_y': 0, 'j1_val_x': 0, 'j2_val_y': 0, 'j2_val_x': 0, 'man': 0, 'servo_ñam': 90, 'led': 0}
2023-06-14 10:45:56,681 : DEBUG : Data pult: {'j1_val_y': 0, 'j1_val_x': 0, 'j2_val_y': 0, 'j2_val_x': 0, 'man': 0, 'servo_ñam': 90, 'led': 0}
2023-06-14 10:45:56,782 : DEBUG : Data pult: {'j1_val_y': 0, 'j1_val_x': 0, 'j2_val_y': 0, 'j2_val_x': 0, 'man': 0, 'servo_ñam': 90, 'led': 0}
2023-06-14 10:45:56,884 : DEBUG : Data pult: {'j1_val_y': 0, 'j1_val_x': 0, 'j2_val_y': 0, 'j2_val_x': 0, 'man': 0, 'servo_ñam': 90, 'led': 0}
2023-06-14 10:45:56,985 : DEBUG : Data pult: {'j1_val_y': 0, 'j1_val_x': 0, 'j2_val_y': 0, 'j2_val_x': 0, 'man': 0, 'servo_ñam': 90, 'led': 0}
2023-06-14 10:45:57,086 : DEBUG : Data pult: {'j1_val_y': 0, 'j1_val_x': 0, 'j2_val_y': 0, 'j2_val_x': 0, 'man': 0, 'servo_ñam': 90, 'led': 0}
2023-06-14 10:45:57,187 : DEBUG : Data pult: {'j1_val_y': 0, 'j1_val_x': 0, 'j2_val_y': 0, 'j2_val_x': 0, 'man': 0, 'servo_ñam': 90, 'led': 0}
2023-06-14 10:45:57,287 : DEBUG : Data pult: {'j1_val_y': 0, 'j1_val_x': 0, 'j2_val_y': 0, 'j2_val_x': 0, 'man': 0, 'servo_ñam': 90, 'led': 0}
2023-06-14 10:45:57,388 : DEBUG : Data pult: {'j1_val_y': 0, 'j1_val_x': 0, 'j2_val_y': 0, 'j2_val_x': 0, 'man': 0, 'servo_ñam': 90, 'led': 0}
2023-06-14 10:45:57,489 : DEBUG : Data pult: {'j1_val_y': 0, 'j1_val_x': 0, 'j2_val_y': 0, 'j2_val_x': 0, 'man': 0, 'servo_ñam': 90, 'led': 0}
2023-06-14 10:45:57,590 : DEBUG : Data pult: {'j1_val_y': 0, 'j1_val_x': 0, 'j2_val_y': 0, 'j2_val_x': 0, 'man': 0, 'servo_ñam': 90, 'led': 0}
2023-06-14 10:45:57,691 : DEBUG : Data pult: {'j1_val_y': 0, 'j1_val_x': 0, 'j2_val_y': 0, 'j2_val_x': 0, 'man': 0, 'servo_ñam': 90, 'led': 0}
2023-06-14 10:45:57,792 : DEBUG : Data pult: {'j1_val_y': 0, 'j1_val_x': 0, 'j2_val_y': 0, 'j2_val_x': 0, 'man': 0, 'servo_ñam': 90, 'led': 0}
2023-06-14 10:45:57,893 : DEBUG : Data pult: {'j1_val_y': 0, 'j1_val_x': 0, 'j2_val_y': 0, 'j2_val_x': 0, 'man': 0, 'servo_ñam': 90, 'led': 0}
2023-06-14 10:45:57,994 : DEBUG : Data pult: {'j1_val_y': 0, 'j1_val_x': 0, 'j2_val_y': 0, 'j2_val_x': 0, 'man': 0, 'servo_ñam': 90, 'led': 0}
2023-06-14 10:45:58,094 : DEBUG : Data pult: {'j1_val_y': 0, 'j1_val_x': 0, 'j2_val_y': 0, 'j2_val_x': 0, 'man': 0, 'servo_ñam': 90, 'led': 0}
2023-06-14 10:45:58,195 : DEBUG : Data pult: {'j1_val_y': 0, 'j1_val_x': 0, 'j2_val_y': 0, 'j2_val_x': 0, 'man': 0, 'servo_ñam': 90, 'led': 0}
2023-06-14 10:45:58,296 : DEBUG : Data pult: {'j1_val_y': 0, 'j1_val_x': 0, 'j2_val_y': 0, 'j2_val_x': 0, 'man': 0, 'servo_ñam': 90, 'led': 0}
2023-06-14 10:45:58,398 : DEBUG : Data pult: {'j1_val_y': 0, 'j1_val_x': 0, 'j2_val_y': 0, 'j2_val_x': 0, 'man': 0, 'servo_ñam': 90, 'led': 0}
2023-06-14 10:45:58,498 : DEBUG : Data pult: {'j1_val_y': 0, 'j1_val_x': 0, 'j2_val_y': 0, 'j2_val_x': 0, 'man': 0, 'servo_ñam': 90, 'led': 0}
2023-06-14 10:45:58,600 : DEBUG : Data pult: {'j1_val_y': 0, 'j1_val_x': 0, 'j2_val_y': 0, 'j2_val_x': 0, 'man': 0, 'servo_ñam': 90, 'led': 0}
2023-06-14 10:45:58,701 : DEBUG : Data pult: {'j1_val_y': 0, 'j1_val_x': 0, 'j2_val_y': 0, 'j2_val_x': 0, 'man': 0, 'servo_ñam': 90, 'led': 0}
2023-06-14 10:45:58,802 : DEBUG : Data pult: {'j1_val_y': 0, 'j1_val_x': 0, 'j2_val_y': 0, 'j2_val_x': 0, 'man': 0, 'servo_ñam': 90, 'led': 0}
2023-06-14 10:45:58,902 : DEBUG : Data pult: {'j1_val_y': 0, 'j1_val_x': 0, 'j2_val_y': 0, 'j2_val_x': 0, 'man': 0, 'servo_ñam': 90, 'led': 0}
2023-06-14 10:45:59,003 : DEBUG : Data pult: {'j1_val_y': 0, 'j1_val_x': 0, 'j2_val_y': 0, 'j2_val_x': 0, 'man': 0, 'servo_ñam': 90, 'led': 0}
2023-06-14 10:45:59,104 : DEBUG : Data pult: {'j1_val_y': 0, 'j1_val_x': 0, 'j2_val_y': 0, 'j2_val_x': 0, 'man': 0, 'servo_ñam': 90, 'led': 0}
2023-06-14 10:45:59,205 : DEBUG : Data pult: {'j1_val_y': 0, 'j1_val_x': 0, 'j2_val_y': 0, 'j2_val_x': 0, 'man': 0, 'servo_ñam': 90, 'led': 0}
2023-06-14 10:45:59,306 : DEBUG : Data pult: {'j1_val_y': 0, 'j1_val_x': 0, 'j2_val_y': 0, 'j2_val_x': 0, 'man': 0, 'servo_ñam': 90, 'led': 0}
2023-06-14 10:45:59,407 : DEBUG : Data pult: {'j1_val_y': 0, 'j1_val_x': 0, 'j2_val_y': 0, 'j2_val_x': 0, 'man': 0, 'servo_ñam': 90, 'led': 0}
2023-06-14 10:45:59,508 : DEBUG : Data pult: {'j1_val_y': 0, 'j1_val_x': 0, 'j2_val_y': 0, 'j2_val_x': 0, 'man': 0, 'servo_ñam': 90, 'led': 0}
2023-06-14 10:45:59,609 : DEBUG : Data pult: {'j1_val_y': 0, 'j1_val_x': 0, 'j2_val_y': 0, 'j2_val_x': 0, 'man': 0, 'servo_ñam': 90, 'led': 0}
2023-06-14 10:45:59,709 : DEBUG : Data pult: {'j1_val_y': 0, 'j1_val_x': 0, 'j2_val_y': 0, 'j2_val_x': 0, 'man': 0, 'servo_ñam': 90, 'led': 0}
2023-06-14 10:45:59,810 : DEBUG : Data pult: {'j1_val_y': 0, 'j1_val_x': 0, 'j2_val_y': 0, 'j2_val_x': 0, 'man': 0, 'servo_ñam': 90, 'led': 0}
2023-06-14 10:45:59,910 : DEBUG : Data pult: {'j1_val_y': 0, 'j1_val_x': 0, 'j2_val_y': 0, 'j2_val_x': 0, 'man': 0, 'servo_ñam': 90, 'led': 0}
